{"meta": {"format": 3, "version": "7.9.1", "timestamp": "2025-06-19T10:12:48.707104", "branch_coverage": false, "show_contexts": false}, "files": {"src/teehr/__init__.py": {"executed_lines": [1, 2, 4, 5, 6, 7, 8, 9, 10, 16, 28, 29], "summary": {"covered_lines": 11, "num_statements": 11, "percent_covered": 100.0, "percent_covered_display": "100", "missing_lines": 0, "excluded_lines": 0}, "missing_lines": [], "excluded_lines": [], "functions": {"": {"executed_lines": [1, 2, 4, 5, 6, 7, 8, 9, 10, 16, 28, 29], "summary": {"covered_lines": 11, "num_statements": 11, "percent_covered": 100.0, "percent_covered_display": "100", "missing_lines": 0, "excluded_lines": 0}, "missing_lines": [], "excluded_lines": []}}, "classes": {"": {"executed_lines": [1, 2, 4, 5, 6, 7, 8, 9, 10, 16, 28, 29], "summary": {"covered_lines": 11, "num_statements": 11, "percent_covered": 100.0, "percent_covered_display": "100", "missing_lines": 0, "excluded_lines": 0}, "missing_lines": [], "excluded_lines": []}}}, "src/teehr/const.py": {"executed_lines": [1, 3, 6, 7, 8, 9, 10, 11, 12, 13, 14, 17, 18, 19, 20, 21, 24, 26, 28], "summary": {"covered_lines": 18, "num_statements": 18, "percent_covered": 100.0, "percent_covered_display": "100", "missing_lines": 0, "excluded_lines": 0}, "missing_lines": [], "excluded_lines": [], "functions": {"": {"executed_lines": [1, 3, 6, 7, 8, 9, 10, 11, 12, 13, 14, 17, 18, 19, 20, 21, 24, 26, 28], "summary": {"covered_lines": 18, "num_statements": 18, "percent_covered": 100.0, "percent_covered_display": "100", "missing_lines": 0, "excluded_lines": 0}, "missing_lines": [], "excluded_lines": []}}, "classes": {"": {"executed_lines": [1, 3, 6, 7, 8, 9, 10, 11, 12, 13, 14, 17, 18, 19, 20, 21, 24, 26, 28], "summary": {"covered_lines": 18, "num_statements": 18, "percent_covered": 100.0, "percent_covered_display": "100", "missing_lines": 0, "excluded_lines": 0}, "missing_lines": [], "excluded_lines": []}}}, "src/teehr/evaluation/__init__.py": {"executed_lines": [1], "summary": {"covered_lines": 0, "num_statements": 0, "percent_covered": 100.0, "percent_covered_display": "100", "missing_lines": 0, "excluded_lines": 0}, "missing_lines": [], "excluded_lines": [], "functions": {"": {"executed_lines": [1], "summary": {"covered_lines": 0, "num_statements": 0, "percent_covered": 100.0, "percent_covered_display": "100", "missing_lines": 0, "excluded_lines": 0}, "missing_lines": [], "excluded_lines": []}}, "classes": {"": {"executed_lines": [1], "summary": {"covered_lines": 0, "num_statements": 0, "percent_covered": 100.0, "percent_covered_display": "100", "missing_lines": 0, "excluded_lines": 0}, "missing_lines": [], "excluded_lines": []}}}, "src/teehr/evaluation/evaluation.py": {"executed_lines": [1, 2, 3, 4, 5, 6, 7, 8, 9, 10, 11, 12, 13, 14, 15, 16, 17, 18, 19, 20, 21, 25, 26, 27, 28, 29, 32, 35, 36, 41, 57, 59, 60, 61, 62, 64, 66, 69, 72, 76, 85, 86, 87, 102, 104, 105, 107, 111, 113, 114, 116, 118, 119, 121, 123, 124, 126, 128, 129, 131, 133, 134, 136, 138, 139, 141, 143, 144, 146, 148, 149, 151, 153, 154, 156, 158, 159, 161, 163, 164, 166, 168, 170, 172, 175, 177, 178, 183, 186, 188, 194, 198, 199, 200, 201, 203, 204, 217, 263, 267, 275, 288, 317, 318, 331, 332, 333, 334, 335, 336, 337, 338, 339, 340, 341, 342, 343, 344, 345, 346, 347, 348, 349, 350, 352], "summary": {"covered_lines": 123, "num_statements": 142, "percent_covered": 86.61971830985915, "percent_covered_display": "87", "missing_lines": 19, "excluded_lines": 0}, "missing_lines": [77, 78, 79, 81, 82, 108, 109, 173, 195, 196, 215, 264, 265, 280, 281, 282, 284, 285, 286], "excluded_lines": [], "functions": {"Evaluation.__init__": {"executed_lines": [57, 59, 60, 61, 62, 64, 66, 69, 72, 76, 85, 86, 87, 102], "summary": {"covered_lines": 14, "num_statements": 19, "percent_covered": 73.6842105263158, "percent_covered_display": "74", "missing_lines": 5, "excluded_lines": 0}, "missing_lines": [77, 78, 79, 81, 82], "excluded_lines": []}, "Evaluation.fetch": {"executed_lines": [107, 111], "summary": {"covered_lines": 2, "num_statements": 4, "percent_covered": 50.0, "percent_covered_display": "50", "missing_lines": 2, "excluded_lines": 0}, "missing_lines": [108, 109], "excluded_lines": []}, "Evaluation.metrics": {"executed_lines": [116], "summary": {"covered_lines": 1, "num_statements": 1, "percent_covered": 100.0, "percent_covered_display": "100", "missing_lines": 0, "excluded_lines": 0}, "missing_lines": [], "excluded_lines": []}, "Evaluation.units": {"executed_lines": [121], "summary": {"covered_lines": 1, "num_statements": 1, "percent_covered": 100.0, "percent_covered_display": "100", "missing_lines": 0, "excluded_lines": 0}, "missing_lines": [], "excluded_lines": []}, "Evaluation.variables": {"executed_lines": [126], "summary": {"covered_lines": 1, "num_statements": 1, "percent_covered": 100.0, "percent_covered_display": "100", "missing_lines": 0, "excluded_lines": 0}, "missing_lines": [], "excluded_lines": []}, "Evaluation.attributes": {"executed_lines": [131], "summary": {"covered_lines": 1, "num_statements": 1, "percent_covered": 100.0, "percent_covered_display": "100", "missing_lines": 0, "excluded_lines": 0}, "missing_lines": [], "excluded_lines": []}, "Evaluation.configurations": {"executed_lines": [136], "summary": {"covered_lines": 1, "num_statements": 1, "percent_covered": 100.0, "percent_covered_display": "100", "missing_lines": 0, "excluded_lines": 0}, "missing_lines": [], "excluded_lines": []}, "Evaluation.locations": {"executed_lines": [141], "summary": {"covered_lines": 1, "num_statements": 1, "percent_covered": 100.0, "percent_covered_display": "100", "missing_lines": 0, "excluded_lines": 0}, "missing_lines": [], "excluded_lines": []}, "Evaluation.location_attributes": {"executed_lines": [146], "summary": {"covered_lines": 1, "num_statements": 1, "percent_covered": 100.0, "percent_covered_display": "100", "missing_lines": 0, "excluded_lines": 0}, "missing_lines": [], "excluded_lines": []}, "Evaluation.location_crosswalks": {"executed_lines": [151], "summary": {"covered_lines": 1, "num_statements": 1, "percent_covered": 100.0, "percent_covered_display": "100", "missing_lines": 0, "excluded_lines": 0}, "missing_lines": [], "excluded_lines": []}, "Evaluation.primary_timeseries": {"executed_lines": [156], "summary": {"covered_lines": 1, "num_statements": 1, "percent_covered": 100.0, "percent_covered_display": "100", "missing_lines": 0, "excluded_lines": 0}, "missing_lines": [], "excluded_lines": []}, "Evaluation.secondary_timeseries": {"executed_lines": [161], "summary": {"covered_lines": 1, "num_statements": 1, "percent_covered": 100.0, "percent_covered_display": "100", "missing_lines": 0, "excluded_lines": 0}, "missing_lines": [], "excluded_lines": []}, "Evaluation.joined_timeseries": {"executed_lines": [166], "summary": {"covered_lines": 1, "num_statements": 1, "percent_covered": 100.0, "percent_covered_display": "100", "missing_lines": 0, "excluded_lines": 0}, "missing_lines": [], "excluded_lines": []}, "Evaluation.enable_logging": {"executed_lines": [170, 172, 175, 177, 178, 183, 186], "summary": {"covered_lines": 7, "num_statements": 8, "percent_covered": 87.5, "percent_covered_display": "88", "missing_lines": 1, "excluded_lines": 0}, "missing_lines": [173], "excluded_lines": []}, "Evaluation.clone_template": {"executed_lines": [194, 198, 199, 200, 201], "summary": {"covered_lines": 5, "num_statements": 7, "percent_covered": 71.42857142857143, "percent_covered_display": "71", "missing_lines": 2, "excluded_lines": 0}, "missing_lines": [195, 196], "excluded_lines": []}, "Evaluation.list_s3_evaluations": {"executed_lines": [], "summary": {"covered_lines": 0, "num_statements": 1, "percent_covered": 0.0, "percent_covered_display": "0", "missing_lines": 1, "excluded_lines": 0}, "missing_lines": [215], "excluded_lines": []}, "Evaluation.clone_from_s3": {"executed_lines": [263, 267], "summary": {"covered_lines": 2, "num_statements": 4, "percent_covered": 50.0, "percent_covered_display": "50", "missing_lines": 2, "excluded_lines": 0}, "missing_lines": [264, 265], "excluded_lines": []}, "Evaluation.clean_cache": {"executed_lines": [], "summary": {"covered_lines": 0, "num_statements": 6, "percent_covered": 0.0, "percent_covered_display": "0", "missing_lines": 6, "excluded_lines": 0}, "missing_lines": [280, 281, 282, 284, 285, 286], "excluded_lines": []}, "Evaluation.sql": {"executed_lines": [317, 318, 331, 332, 333, 334, 335, 336, 337, 338, 339, 340, 341, 342, 343, 344, 345, 346, 347, 348, 349, 350, 352], "summary": {"covered_lines": 23, "num_statements": 23, "percent_covered": 100.0, "percent_covered_display": "100", "missing_lines": 0, "excluded_lines": 0}, "missing_lines": [], "excluded_lines": []}, "": {"executed_lines": [1, 2, 3, 4, 5, 6, 7, 8, 9, 10, 11, 12, 13, 14, 15, 16, 17, 18, 19, 20, 21, 25, 26, 27, 28, 29, 32, 35, 36, 41, 104, 105, 113, 114, 118, 119, 123, 124, 128, 129, 133, 134, 138, 139, 143, 144, 148, 149, 153, 154, 158, 159, 163, 164, 168, 188, 203, 204, 217, 275, 288], "summary": {"covered_lines": 59, "num_statements": 59, "percent_covered": 100.0, "percent_covered_display": "100", "missing_lines": 0, "excluded_lines": 0}, "missing_lines": [], "excluded_lines": []}}, "classes": {"Evaluation": {"executed_lines": [57, 59, 60, 61, 62, 64, 66, 69, 72, 76, 85, 86, 87, 102, 107, 111, 116, 121, 126, 131, 136, 141, 146, 151, 156, 161, 166, 170, 172, 175, 177, 178, 183, 186, 194, 198, 199, 200, 201, 263, 267, 317, 318, 331, 332, 333, 334, 335, 336, 337, 338, 339, 340, 341, 342, 343, 344, 345, 346, 347, 348, 349, 350, 352], "summary": {"covered_lines": 64, "num_statements": 83, "percent_covered": 77.10843373493977, "percent_covered_display": "77", "missing_lines": 19, "excluded_lines": 0}, "missing_lines": [77, 78, 79, 81, 82, 108, 109, 173, 195, 196, 215, 264, 265, 280, 281, 282, 284, 285, 286], "excluded_lines": []}, "": {"executed_lines": [1, 2, 3, 4, 5, 6, 7, 8, 9, 10, 11, 12, 13, 14, 15, 16, 17, 18, 19, 20, 21, 25, 26, 27, 28, 29, 32, 35, 36, 41, 104, 105, 113, 114, 118, 119, 123, 124, 128, 129, 133, 134, 138, 139, 143, 144, 148, 149, 153, 154, 158, 159, 163, 164, 168, 188, 203, 204, 217, 275, 288], "summary": {"covered_lines": 59, "num_statements": 59, "percent_covered": 100.0, "percent_covered_display": "100", "missing_lines": 0, "excluded_lines": 0}, "missing_lines": [], "excluded_lines": []}}}, "src/teehr/evaluation/fetch.py": {"executed_lines": [1, 2, 3, 4, 5, 7, 9, 10, 11, 12, 13, 14, 15, 16, 19, 23, 24, 36, 37, 43, 47, 50, 51, 53, 56, 57, 62, 67, 72, 78, 80, 88, 98, 103, 105, 113, 120, 122, 225, 226, 233, 235, 238, 240, 257, 260, 268, 278, 391, 392, 394, 395, 400, 402, 420, 423, 431, 441, 566, 567, 570, 571, 574, 579, 580, 581, 591, 592, 597, 619, 622, 630, 640, 833, 835, 839, 840, 846, 848, 878, 883, 891, 902], "summary": {"covered_lines": 81, "num_statements": 101, "percent_covered": 80.1980198019802, "percent_covered_display": "80", "missing_lines": 20, "excluded_lines": 0}, "missing_lines": [89, 93, 583, 1110, 1111, 1116, 1117, 1120, 1122, 1125, 1130, 1131, 1132, 1134, 1142, 1143, 1148, 1180, 1185, 1193], "excluded_lines": [], "functions": {"Fetch.__init__": {"executed_lines": [56, 57, 62, 67, 72], "summary": {"covered_lines": 5, "num_statements": 5, "percent_covered": 100.0, "percent_covered_display": "100", "missing_lines": 0, "excluded_lines": 0}, "missing_lines": [], "excluded_lines": []}, "Fetch._get_secondary_location_ids": {"executed_lines": [80, 88, 98, 103], "summary": {"covered_lines": 4, "num_statements": 6, "percent_covered": 66.66666666666667, "percent_covered_display": "67", "missing_lines": 2, "excluded_lines": 0}, "missing_lines": [89, 93], "excluded_lines": []}, "Fetch._configuration_name_exists": {"executed_lines": [113, 120], "summary": {"covered_lines": 2, "num_statements": 2, "percent_covered": 100.0, "percent_covered_display": "100", "missing_lines": 0, "excluded_lines": 0}, "missing_lines": [], "excluded_lines": []}, "Fetch.usgs_streamflow": {"executed_lines": [225, 226, 233, 235, 238, 240, 257, 260, 268], "summary": {"covered_lines": 9, "num_statements": 9, "percent_covered": 100.0, "percent_covered_display": "100", "missing_lines": 0, "excluded_lines": 0}, "missing_lines": [], "excluded_lines": []}, "Fetch.nwm_retrospective_points": {"executed_lines": [391, 392, 394, 395, 400, 402, 420, 423, 431], "summary": {"covered_lines": 9, "num_statements": 9, "percent_covered": 100.0, "percent_covered_display": "100", "missing_lines": 0, "excluded_lines": 0}, "missing_lines": [], "excluded_lines": []}, "Fetch.nwm_retrospective_grids": {"executed_lines": [566, 567, 570, 571, 574, 579, 580, 581, 591, 592, 597, 619, 622, 630], "summary": {"covered_lines": 14, "num_statements": 15, "percent_covered": 93.33333333333333, "percent_covered_display": "93", "missing_lines": 1, "excluded_lines": 0}, "missing_lines": [583], "excluded_lines": []}, "Fetch.nwm_operational_points": {"executed_lines": [833, 835, 839, 840, 846, 848, 878, 883, 891], "summary": {"covered_lines": 9, "num_statements": 9, "percent_covered": 100.0, "percent_covered_display": "100", "missing_lines": 0, "excluded_lines": 0}, "missing_lines": [], "excluded_lines": []}, "Fetch.nwm_operational_grids": {"executed_lines": [], "summary": {"covered_lines": 0, "num_statements": 17, "percent_covered": 0.0, "percent_covered_display": "0", "missing_lines": 17, "excluded_lines": 0}, "missing_lines": [1110, 1111, 1116, 1117, 1120, 1122, 1125, 1130, 1131, 1132, 1134, 1142, 1143, 1148, 1180, 1185, 1193], "excluded_lines": []}, "": {"executed_lines": [1, 2, 3, 4, 5, 7, 9, 10, 11, 12, 13, 14, 15, 16, 19, 23, 24, 36, 37, 43, 47, 50, 51, 53, 78, 105, 122, 278, 441, 640, 902], "summary": {"covered_lines": 29, "num_statements": 29, "percent_covered": 100.0, "percent_covered_display": "100", "missing_lines": 0, "excluded_lines": 0}, "missing_lines": [], "excluded_lines": []}}, "classes": {"Fetch": {"executed_lines": [56, 57, 62, 67, 72, 80, 88, 98, 103, 113, 120, 225, 226, 233, 235, 238, 240, 257, 260, 268, 391, 392, 394, 395, 400, 402, 420, 423, 431, 566, 567, 570, 571, 574, 579, 580, 581, 591, 592, 597, 619, 622, 630, 833, 835, 839, 840, 846, 848, 878, 883, 891], "summary": {"covered_lines": 52, "num_statements": 72, "percent_covered": 72.22222222222223, "percent_covered_display": "72", "missing_lines": 20, "excluded_lines": 0}, "missing_lines": [89, 93, 583, 1110, 1111, 1116, 1117, 1120, 1122, 1125, 1130, 1131, 1132, 1134, 1142, 1143, 1148, 1180, 1185, 1193], "excluded_lines": []}, "": {"executed_lines": [1, 2, 3, 4, 5, 7, 9, 10, 11, 12, 13, 14, 15, 16, 19, 23, 24, 36, 37, 43, 47, 50, 51, 53, 78, 105, 122, 278, 441, 640, 902], "summary": {"covered_lines": 29, "num_statements": 29, "percent_covered": 100.0, "percent_covered_display": "100", "missing_lines": 0, "excluded_lines": 0}, "missing_lines": [], "excluded_lines": []}}}, "src/teehr/evaluation/metrics.py": {"executed_lines": [1, 2, 4, 5, 6, 7, 10, 11, 12, 15, 16, 17, 23, 25, 28, 29, 31, 33, 34, 35, 36, 37, 39, 130, 131, 132, 133, 141, 142, 144, 149, 150, 151, 153, 155, 157, 158, 159, 161, 163, 168, 174, 176, 178, 201, 202, 204, 205, 207], "summary": {"covered_lines": 47, "num_statements": 50, "percent_covered": 94.0, "percent_covered_display": "94", "missing_lines": 3, "excluded_lines": 0}, "missing_lines": [164, 166, 167], "excluded_lines": [], "functions": {"Metrics.__init__": {"executed_lines": [33, 34, 35, 36, 37], "summary": {"covered_lines": 5, "num_statements": 5, "percent_covered": 100.0, "percent_covered_display": "100", "missing_lines": 0, "excluded_lines": 0}, "missing_lines": [], "excluded_lines": []}, "Metrics.query": {"executed_lines": [130, 131, 132, 133, 141, 142, 144, 149, 150, 151, 153], "summary": {"covered_lines": 11, "num_statements": 11, "percent_covered": 100.0, "percent_covered_display": "100", "missing_lines": 0, "excluded_lines": 0}, "missing_lines": [], "excluded_lines": []}, "Metrics.to_pandas": {"executed_lines": [157, 158, 159], "summary": {"covered_lines": 3, "num_statements": 3, "percent_covered": 100.0, "percent_covered_display": "100", "missing_lines": 0, "excluded_lines": 0}, "missing_lines": [], "excluded_lines": []}, "Metrics.to_geopandas": {"executed_lines": [163, 168], "summary": {"covered_lines": 2, "num_statements": 5, "percent_covered": 40.0, "percent_covered_display": "40", "missing_lines": 3, "excluded_lines": 0}, "missing_lines": [164, 166, 167], "excluded_lines": []}, "Metrics.to_sdf": {"executed_lines": [176], "summary": {"covered_lines": 1, "num_statements": 1, "percent_covered": 100.0, "percent_covered_display": "100", "missing_lines": 0, "excluded_lines": 0}, "missing_lines": [], "excluded_lines": []}, "Metrics.add_calculated_fields": {"executed_lines": [201, 202, 204, 205, 207], "summary": {"covered_lines": 5, "num_statements": 5, "percent_covered": 100.0, "percent_covered_display": "100", "missing_lines": 0, "excluded_lines": 0}, "missing_lines": [], "excluded_lines": []}, "": {"executed_lines": [1, 2, 4, 5, 6, 7, 10, 11, 12, 15, 16, 17, 23, 25, 28, 29, 31, 39, 155, 161, 174, 178], "summary": {"covered_lines": 20, "num_statements": 20, "percent_covered": 100.0, "percent_covered_display": "100", "missing_lines": 0, "excluded_lines": 0}, "missing_lines": [], "excluded_lines": []}}, "classes": {"Metrics": {"executed_lines": [33, 34, 35, 36, 37, 130, 131, 132, 133, 141, 142, 144, 149, 150, 151, 153, 157, 158, 159, 163, 168, 176, 201, 202, 204, 205, 207], "summary": {"covered_lines": 27, "num_statements": 30, "percent_covered": 90.0, "percent_covered_display": "90", "missing_lines": 3, "excluded_lines": 0}, "missing_lines": [164, 166, 167], "excluded_lines": []}, "": {"executed_lines": [1, 2, 4, 5, 6, 7, 10, 11, 12, 15, 16, 17, 23, 25, 28, 29, 31, 39, 155, 161, 174, 178], "summary": {"covered_lines": 20, "num_statements": 20, "percent_covered": 100.0, "percent_covered_display": "100", "missing_lines": 0, "excluded_lines": 0}, "missing_lines": [], "excluded_lines": []}}}, "src/teehr/evaluation/tables/attribute_table.py": {"executed_lines": [1, 2, 3, 4, 5, 6, 7, 10, 11, 13, 15, 16, 17, 18, 19, 20, 22, 24, 25, 30, 51], "summary": {"covered_lines": 20, "num_statements": 20, "percent_covered": 100.0, "percent_covered_display": "100", "missing_lines": 0, "excluded_lines": 0}, "missing_lines": [], "excluded_lines": [], "functions": {"AttributeTable.__init__": {"executed_lines": [15, 16, 17, 18, 19, 20], "summary": {"covered_lines": 6, "num_statements": 6, "percent_covered": 100.0, "percent_covered_display": "100", "missing_lines": 0, "excluded_lines": 0}, "missing_lines": [], "excluded_lines": []}, "AttributeTable.field_enum": {"executed_lines": [24, 25], "summary": {"covered_lines": 2, "num_statements": 2, "percent_covered": 100.0, "percent_covered_display": "100", "missing_lines": 0, "excluded_lines": 0}, "missing_lines": [], "excluded_lines": []}, "AttributeTable.add": {"executed_lines": [51], "summary": {"covered_lines": 1, "num_statements": 1, "percent_covered": 100.0, "percent_covered_display": "100", "missing_lines": 0, "excluded_lines": 0}, "missing_lines": [], "excluded_lines": []}, "": {"executed_lines": [1, 2, 3, 4, 5, 6, 7, 10, 11, 13, 22, 30], "summary": {"covered_lines": 11, "num_statements": 11, "percent_covered": 100.0, "percent_covered_display": "100", "missing_lines": 0, "excluded_lines": 0}, "missing_lines": [], "excluded_lines": []}}, "classes": {"AttributeTable": {"executed_lines": [15, 16, 17, 18, 19, 20, 24, 25, 51], "summary": {"covered_lines": 9, "num_statements": 9, "percent_covered": 100.0, "percent_covered_display": "100", "missing_lines": 0, "excluded_lines": 0}, "missing_lines": [], "excluded_lines": []}, "": {"executed_lines": [1, 2, 3, 4, 5, 6, 7, 10, 11, 13, 22, 30], "summary": {"covered_lines": 11, "num_statements": 11, "percent_covered": 100.0, "percent_covered_display": "100", "missing_lines": 0, "excluded_lines": 0}, "missing_lines": [], "excluded_lines": []}}}, "src/teehr/evaluation/tables/base_table.py": {"executed_lines": [1, 3, 4, 5, 6, 7, 8, 9, 10, 11, 12, 13, 14, 15, 18, 21, 22, 24, 26, 27, 28, 29, 30, 31, 32, 33, 34, 35, 36, 37, 39, 40, 49, 51, 52, 55, 56, 57, 62, 65, 66, 67, 74, 100, 101, 102, 107, 109, 114, 115, 116, 117, 118, 120, 122, 130, 131, 136, 142, 143, 144, 147, 154, 157, 158, 159, 161, 169, 170, 172, 173, 178, 181, 184, 189, 191, 193, 194, 195, 205, 212, 215, 216, 217, 219, 228, 231, 234, 240, 241, 244, 245, 260, 266, 269, 270, 271, 272, 282, 298, 302, 304, 305, 309, 310, 314, 315, 320, 321, 331, 333, 342, 343, 345, 347, 370, 372, 374, 377, 382, 383, 385, 386, 388, 390, 394, 396, 398, 403, 498, 499, 500, 501, 509, 511, 513, 596, 597, 598, 605, 607, 644, 646, 647, 649, 651, 652, 654, 658, 660, 661, 662, 663, 664, 666, 670, 691, 692], "summary": {"covered_lines": 156, "num_statements": 179, "percent_covered": 87.15083798882682, "percent_covered_display": "87", "missing_lines": 23, "excluded_lines": 0}, "missing_lines": [42, 46, 47, 68, 145, 255, 299, 300, 327, 378, 379, 380, 391, 392, 400, 401, 510, 639, 640, 641, 642, 656, 668], "excluded_lines": [], "functions": {"BaseTable.__init__": {"executed_lines": [26, 27, 28, 29, 30, 31, 32, 33, 34, 35, 36, 37], "summary": {"covered_lines": 12, "num_statements": 12, "percent_covered": 100.0, "percent_covered_display": "100", "missing_lines": 0, "excluded_lines": 0}, "missing_lines": [], "excluded_lines": []}, "BaseTable._raise_missing_table_error": {"executed_lines": [], "summary": {"covered_lines": 0, "num_statements": 3, "percent_covered": 0.0, "percent_covered_display": "0", "missing_lines": 3, "excluded_lines": 0}, "missing_lines": [42, 46, 47], "excluded_lines": []}, "BaseTable._enforce_foreign_keys": {"executed_lines": [51, 52, 55, 56, 57, 62, 65, 66, 67], "summary": {"covered_lines": 9, "num_statements": 10, "percent_covered": 90.0, "percent_covered_display": "90", "missing_lines": 1, "excluded_lines": 0}, "missing_lines": [68], "excluded_lines": []}, "BaseTable._read_files": {"executed_lines": [100, 101, 102, 107, 109, 114, 115, 116, 117, 118, 120], "summary": {"covered_lines": 11, "num_statements": 11, "percent_covered": 100.0, "percent_covered_display": "100", "missing_lines": 0, "excluded_lines": 0}, "missing_lines": [], "excluded_lines": []}, "BaseTable._load_table": {"executed_lines": [130, 131], "summary": {"covered_lines": 2, "num_statements": 2, "percent_covered": 100.0, "percent_covered_display": "100", "missing_lines": 0, "excluded_lines": 0}, "missing_lines": [], "excluded_lines": []}, "BaseTable._check_load_table": {"executed_lines": [142, 143, 144], "summary": {"covered_lines": 3, "num_statements": 4, "percent_covered": 75.0, "percent_covered_display": "75", "missing_lines": 1, "excluded_lines": 0}, "missing_lines": [145], "excluded_lines": []}, "BaseTable._upsert_without_duplicates": {"executed_lines": [154, 157, 158, 159, 161, 169, 170, 172, 173, 178, 181, 184, 189, 191, 193, 194, 195], "summary": {"covered_lines": 17, "num_statements": 17, "percent_covered": 100.0, "percent_covered_display": "100", "missing_lines": 0, "excluded_lines": 0}, "missing_lines": [], "excluded_lines": []}, "BaseTable._append_without_duplicates": {"executed_lines": [212, 215, 216, 217, 219, 228, 231, 234, 240, 241, 244, 245], "summary": {"covered_lines": 12, "num_statements": 13, "percent_covered": 92.3076923076923, "percent_covered_display": "92", "missing_lines": 1, "excluded_lines": 0}, "missing_lines": [255], "excluded_lines": []}, "BaseTable._dynamic_overwrite": {"executed_lines": [266, 269, 270, 271, 272], "summary": {"covered_lines": 5, "num_statements": 5, "percent_covered": 100.0, "percent_covered_display": "100", "missing_lines": 0, "excluded_lines": 0}, "missing_lines": [], "excluded_lines": []}, "BaseTable._write_spark_df": {"executed_lines": [298, 302, 304, 305, 309, 310, 314, 315, 320, 321, 331], "summary": {"covered_lines": 11, "num_statements": 14, "percent_covered": 78.57142857142857, "percent_covered_display": "79", "missing_lines": 3, "excluded_lines": 0}, "missing_lines": [299, 300, 327], "excluded_lines": []}, "BaseTable._get_schema": {"executed_lines": [342, 343, 345], "summary": {"covered_lines": 3, "num_statements": 3, "percent_covered": 100.0, "percent_covered_display": "100", "missing_lines": 0, "excluded_lines": 0}, "missing_lines": [], "excluded_lines": []}, "BaseTable._validate": {"executed_lines": [370, 372, 374, 377, 382, 383, 385, 386, 388, 390, 394, 396], "summary": {"covered_lines": 12, "num_statements": 17, "percent_covered": 70.58823529411765, "percent_covered_display": "71", "missing_lines": 5, "excluded_lines": 0}, "missing_lines": [378, 379, 380, 391, 392], "excluded_lines": []}, "BaseTable.validate": {"executed_lines": [], "summary": {"covered_lines": 0, "num_statements": 2, "percent_covered": 0.0, "percent_covered_display": "0", "missing_lines": 2, "excluded_lines": 0}, "missing_lines": [400, 401], "excluded_lines": []}, "BaseTable.query": {"executed_lines": [498, 499, 500, 501, 509, 511], "summary": {"covered_lines": 6, "num_statements": 7, "percent_covered": 85.71428571428571, "percent_covered_display": "86", "missing_lines": 1, "excluded_lines": 0}, "missing_lines": [510], "excluded_lines": []}, "BaseTable.filter": {"executed_lines": [596, 597, 598, 605], "summary": {"covered_lines": 4, "num_statements": 4, "percent_covered": 100.0, "percent_covered_display": "100", "missing_lines": 0, "excluded_lines": 0}, "missing_lines": [], "excluded_lines": []}, "BaseTable.order_by": {"executed_lines": [], "summary": {"covered_lines": 0, "num_statements": 4, "percent_covered": 0.0, "percent_covered_display": "0", "missing_lines": 4, "excluded_lines": 0}, "missing_lines": [639, 640, 641, 642], "excluded_lines": []}, "BaseTable.fields": {"executed_lines": [646, 647], "summary": {"covered_lines": 2, "num_statements": 2, "percent_covered": 100.0, "percent_covered_display": "100", "missing_lines": 0, "excluded_lines": 0}, "missing_lines": [], "excluded_lines": []}, "BaseTable.distinct_values": {"executed_lines": [651, 652], "summary": {"covered_lines": 2, "num_statements": 2, "percent_covered": 100.0, "percent_covered_display": "100", "missing_lines": 0, "excluded_lines": 0}, "missing_lines": [], "excluded_lines": []}, "BaseTable.field_enum": {"executed_lines": [], "summary": {"covered_lines": 0, "num_statements": 1, "percent_covered": 0.0, "percent_covered_display": "0", "missing_lines": 1, "excluded_lines": 0}, "missing_lines": [656], "excluded_lines": []}, "BaseTable.to_pandas": {"executed_lines": [660, 661, 662, 663, 664], "summary": {"covered_lines": 5, "num_statements": 5, "percent_covered": 100.0, "percent_covered_display": "100", "missing_lines": 0, "excluded_lines": 0}, "missing_lines": [], "excluded_lines": []}, "BaseTable.to_geopandas": {"executed_lines": [], "summary": {"covered_lines": 0, "num_statements": 1, "percent_covered": 0.0, "percent_covered_display": "0", "missing_lines": 1, "excluded_lines": 0}, "missing_lines": [668], "excluded_lines": []}, "BaseTable.to_sdf": {"executed_lines": [691, 692], "summary": {"covered_lines": 2, "num_statements": 2, "percent_covered": 100.0, "percent_covered_display": "100", "missing_lines": 0, "excluded_lines": 0}, "missing_lines": [], "excluded_lines": []}, "": {"executed_lines": [1, 3, 4, 5, 6, 7, 8, 9, 10, 11, 12, 13, 14, 15, 18, 21, 22, 24, 39, 40, 49, 74, 122, 136, 147, 205, 260, 282, 333, 347, 398, 403, 513, 607, 644, 649, 654, 658, 666, 670], "summary": {"covered_lines": 38, "num_statements": 38, "percent_covered": 100.0, "percent_covered_display": "100", "missing_lines": 0, "excluded_lines": 0}, "missing_lines": [], "excluded_lines": []}}, "classes": {"BaseTable": {"executed_lines": [26, 27, 28, 29, 30, 31, 32, 33, 34, 35, 36, 37, 51, 52, 55, 56, 57, 62, 65, 66, 67, 100, 101, 102, 107, 109, 114, 115, 116, 117, 118, 120, 130, 131, 142, 143, 144, 154, 157, 158, 159, 161, 169, 170, 172, 173, 178, 181, 184, 189, 191, 193, 194, 195, 212, 215, 216, 217, 219, 228, 231, 234, 240, 241, 244, 245, 266, 269, 270, 271, 272, 298, 302, 304, 305, 309, 310, 314, 315, 320, 321, 331, 342, 343, 345, 370, 372, 374, 377, 382, 383, 385, 386, 388, 390, 394, 396, 498, 499, 500, 501, 509, 511, 596, 597, 598, 605, 646, 647, 651, 652, 660, 661, 662, 663, 664, 691, 692], "summary": {"covered_lines": 118, "num_statements": 141, "percent_covered": 83.68794326241135, "percent_covered_display": "84", "missing_lines": 23, "excluded_lines": 0}, "missing_lines": [42, 46, 47, 68, 145, 255, 299, 300, 327, 378, 379, 380, 391, 392, 400, 401, 510, 639, 640, 641, 642, 656, 668], "excluded_lines": []}, "": {"executed_lines": [1, 3, 4, 5, 6, 7, 8, 9, 10, 11, 12, 13, 14, 15, 18, 21, 22, 24, 39, 40, 49, 74, 122, 136, 147, 205, 260, 282, 333, 347, 398, 403, 513, 607, 644, 649, 654, 658, 666, 670], "summary": {"covered_lines": 38, "num_statements": 38, "percent_covered": 100.0, "percent_covered_display": "100", "missing_lines": 0, "excluded_lines": 0}, "missing_lines": [], "excluded_lines": []}}}, "src/teehr/evaluation/tables/configuration_table.py": {"executed_lines": [1, 2, 3, 4, 5, 6, 7, 10, 11, 13, 15, 16, 17, 18, 19, 20, 22, 24, 25, 30, 52], "summary": {"covered_lines": 20, "num_statements": 20, "percent_covered": 100.0, "percent_covered_display": "100", "missing_lines": 0, "excluded_lines": 0}, "missing_lines": [], "excluded_lines": [], "functions": {"ConfigurationTable.__init__": {"executed_lines": [15, 16, 17, 18, 19, 20], "summary": {"covered_lines": 6, "num_statements": 6, "percent_covered": 100.0, "percent_covered_display": "100", "missing_lines": 0, "excluded_lines": 0}, "missing_lines": [], "excluded_lines": []}, "ConfigurationTable.field_enum": {"executed_lines": [24, 25], "summary": {"covered_lines": 2, "num_statements": 2, "percent_covered": 100.0, "percent_covered_display": "100", "missing_lines": 0, "excluded_lines": 0}, "missing_lines": [], "excluded_lines": []}, "ConfigurationTable.add": {"executed_lines": [52], "summary": {"covered_lines": 1, "num_statements": 1, "percent_covered": 100.0, "percent_covered_display": "100", "missing_lines": 0, "excluded_lines": 0}, "missing_lines": [], "excluded_lines": []}, "": {"executed_lines": [1, 2, 3, 4, 5, 6, 7, 10, 11, 13, 22, 30], "summary": {"covered_lines": 11, "num_statements": 11, "percent_covered": 100.0, "percent_covered_display": "100", "missing_lines": 0, "excluded_lines": 0}, "missing_lines": [], "excluded_lines": []}}, "classes": {"ConfigurationTable": {"executed_lines": [15, 16, 17, 18, 19, 20, 24, 25, 52], "summary": {"covered_lines": 9, "num_statements": 9, "percent_covered": 100.0, "percent_covered_display": "100", "missing_lines": 0, "excluded_lines": 0}, "missing_lines": [], "excluded_lines": []}, "": {"executed_lines": [1, 2, 3, 4, 5, 6, 7, 10, 11, 13, 22, 30], "summary": {"covered_lines": 11, "num_statements": 11, "percent_covered": 100.0, "percent_covered_display": "100", "missing_lines": 0, "excluded_lines": 0}, "missing_lines": [], "excluded_lines": []}}}, "src/teehr/evaluation/tables/domain_table.py": {"executed_lines": [1, 2, 3, 4, 5, 7, 10, 11, 13, 15, 16, 18, 22, 23, 25, 27, 28, 30, 32, 33, 38], "summary": {"covered_lines": 20, "num_statements": 20, "percent_covered": 100.0, "percent_covered_display": "100", "missing_lines": 0, "excluded_lines": 0}, "missing_lines": [], "excluded_lines": [], "functions": {"DomainTable.__init__": {"executed_lines": [15, 16], "summary": {"covered_lines": 2, "num_statements": 2, "percent_covered": 100.0, "percent_covered_display": "100", "missing_lines": 0, "excluded_lines": 0}, "missing_lines": [], "excluded_lines": []}, "DomainTable._add": {"executed_lines": [22, 23, 25, 27, 28, 30, 32, 33, 38], "summary": {"covered_lines": 9, "num_statements": 9, "percent_covered": 100.0, "percent_covered_display": "100", "missing_lines": 0, "excluded_lines": 0}, "missing_lines": [], "excluded_lines": []}, "": {"executed_lines": [1, 2, 3, 4, 5, 7, 10, 11, 13, 18], "summary": {"covered_lines": 9, "num_statements": 9, "percent_covered": 100.0, "percent_covered_display": "100", "missing_lines": 0, "excluded_lines": 0}, "missing_lines": [], "excluded_lines": []}}, "classes": {"DomainTable": {"executed_lines": [15, 16, 22, 23, 25, 27, 28, 30, 32, 33, 38], "summary": {"covered_lines": 11, "num_statements": 11, "percent_covered": 100.0, "percent_covered_display": "100", "missing_lines": 0, "excluded_lines": 0}, "missing_lines": [], "excluded_lines": []}, "": {"executed_lines": [1, 2, 3, 4, 5, 7, 10, 11, 13, 18], "summary": {"covered_lines": 9, "num_statements": 9, "percent_covered": 100.0, "percent_covered_display": "100", "missing_lines": 0, "excluded_lines": 0}, "missing_lines": [], "excluded_lines": []}}}, "src/teehr/evaluation/tables/joined_timeseries_table.py": {"executed_lines": [1, 2, 3, 4, 5, 6, 7, 8, 9, 10, 11, 12, 13, 15, 18, 19, 21, 23, 24, 25, 26, 27, 28, 29, 30, 40, 42, 43, 44, 49, 51, 52, 53, 54, 55, 57, 65, 67, 89, 91, 94, 96, 99, 102, 108, 110, 119, 120, 122, 124, 143, 145, 146, 148, 149, 151, 153, 156, 161, 165, 166, 168, 170, 171, 172, 173, 181, 183, 198, 200, 201, 203, 204, 206, 211, 215, 216, 218, 244, 245, 246, 251, 253, 259, 260, 261, 262, 263, 264, 265, 267], "summary": {"covered_lines": 90, "num_statements": 95, "percent_covered": 94.73684210526316, "percent_covered_display": "95", "missing_lines": 5, "excluded_lines": 0}, "missing_lines": [59, 60, 174, 175, 179], "excluded_lines": [], "functions": {"JoinedTimeseriesTable.__init__": {"executed_lines": [23, 24, 25, 26, 27, 28, 29, 30], "summary": {"covered_lines": 8, "num_statements": 8, "percent_covered": 100.0, "percent_covered_display": "100", "missing_lines": 0, "excluded_lines": 0}, "missing_lines": [], "excluded_lines": []}, "JoinedTimeseriesTable.field_enum": {"executed_lines": [42, 43, 44], "summary": {"covered_lines": 3, "num_statements": 3, "percent_covered": 100.0, "percent_covered_display": "100", "missing_lines": 0, "excluded_lines": 0}, "missing_lines": [], "excluded_lines": []}, "JoinedTimeseriesTable.to_pandas": {"executed_lines": [51, 52, 53, 54, 55], "summary": {"covered_lines": 5, "num_statements": 5, "percent_covered": 100.0, "percent_covered_display": "100", "missing_lines": 0, "excluded_lines": 0}, "missing_lines": [], "excluded_lines": []}, "JoinedTimeseriesTable.to_geopandas": {"executed_lines": [], "summary": {"covered_lines": 0, "num_statements": 2, "percent_covered": 0.0, "percent_covered_display": "0", "missing_lines": 2, "excluded_lines": 0}, "missing_lines": [59, 60], "excluded_lines": []}, "JoinedTimeseriesTable._join": {"executed_lines": [67, 89], "summary": {"covered_lines": 2, "num_statements": 2, "percent_covered": 100.0, "percent_covered_display": "100", "missing_lines": 0, "excluded_lines": 0}, "missing_lines": [], "excluded_lines": []}, "JoinedTimeseriesTable._add_attr": {"executed_lines": [94, 96, 99, 102, 108, 110, 119, 120, 122], "summary": {"covered_lines": 9, "num_statements": 9, "percent_covered": 100.0, "percent_covered_display": "100", "missing_lines": 0, "excluded_lines": 0}, "missing_lines": [], "excluded_lines": []}, "JoinedTimeseriesTable.add_calculated_fields": {"executed_lines": [143, 145, 146, 148, 149, 151], "summary": {"covered_lines": 6, "num_statements": 6, "percent_covered": 100.0, "percent_covered_display": "100", "missing_lines": 0, "excluded_lines": 0}, "missing_lines": [], "excluded_lines": []}, "JoinedTimeseriesTable.write": {"executed_lines": [156, 161, 165, 166], "summary": {"covered_lines": 4, "num_statements": 4, "percent_covered": 100.0, "percent_covered_display": "100", "missing_lines": 0, "excluded_lines": 0}, "missing_lines": [], "excluded_lines": []}, "JoinedTimeseriesTable._run_script": {"executed_lines": [170, 171, 172, 173, 181], "summary": {"covered_lines": 5, "num_statements": 8, "percent_covered": 62.5, "percent_covered_display": "62", "missing_lines": 3, "excluded_lines": 0}, "missing_lines": [174, 175, 179], "excluded_lines": []}, "JoinedTimeseriesTable.create": {"executed_lines": [198, 200, 201, 203, 204, 206, 211, 215, 216], "summary": {"covered_lines": 9, "num_statements": 9, "percent_covered": 100.0, "percent_covered_display": "100", "missing_lines": 0, "excluded_lines": 0}, "missing_lines": [], "excluded_lines": []}, "JoinedTimeseriesTable._read_files": {"executed_lines": [244, 245, 246, 251, 253, 259, 260, 261, 262, 263, 264, 265, 267], "summary": {"covered_lines": 13, "num_statements": 13, "percent_covered": 100.0, "percent_covered_display": "100", "missing_lines": 0, "excluded_lines": 0}, "missing_lines": [], "excluded_lines": []}, "": {"executed_lines": [1, 2, 3, 4, 5, 6, 7, 8, 9, 10, 11, 12, 13, 15, 18, 19, 21, 40, 49, 57, 65, 91, 124, 153, 168, 183, 218], "summary": {"covered_lines": 26, "num_statements": 26, "percent_covered": 100.0, "percent_covered_display": "100", "missing_lines": 0, "excluded_lines": 0}, "missing_lines": [], "excluded_lines": []}}, "classes": {"JoinedTimeseriesTable": {"executed_lines": [23, 24, 25, 26, 27, 28, 29, 30, 42, 43, 44, 51, 52, 53, 54, 55, 67, 89, 94, 96, 99, 102, 108, 110, 119, 120, 122, 143, 145, 146, 148, 149, 151, 156, 161, 165, 166, 170, 171, 172, 173, 181, 198, 200, 201, 203, 204, 206, 211, 215, 216, 244, 245, 246, 251, 253, 259, 260, 261, 262, 263, 264, 265, 267], "summary": {"covered_lines": 64, "num_statements": 69, "percent_covered": 92.7536231884058, "percent_covered_display": "93", "missing_lines": 5, "excluded_lines": 0}, "missing_lines": [59, 60, 174, 175, 179], "excluded_lines": []}, "": {"executed_lines": [1, 2, 3, 4, 5, 6, 7, 8, 9, 10, 11, 12, 13, 15, 18, 19, 21, 40, 49, 57, 65, 91, 124, 153, 168, 183, 218], "summary": {"covered_lines": 26, "num_statements": 26, "percent_covered": 100.0, "percent_covered_display": "100", "missing_lines": 0, "excluded_lines": 0}, "missing_lines": [], "excluded_lines": []}}}, "src/teehr/evaluation/tables/location_attribute_table.py": {"executed_lines": [1, 2, 3, 4, 5, 6, 7, 8, 9, 10, 11, 12, 13, 14, 15, 18, 21, 22, 24, 26, 27, 28, 29, 30, 31, 32, 36, 49, 60, 67, 69, 77, 80, 81, 88, 94, 101, 103, 105, 106, 111, 119, 127, 175, 176, 185, 187], "summary": {"covered_lines": 45, "num_statements": 58, "percent_covered": 77.58620689655173, "percent_covered_display": "78", "missing_lines": 13, "excluded_lines": 0}, "missing_lines": [113, 114, 115, 116, 117, 121, 122, 123, 124, 125, 234, 235, 244], "excluded_lines": [], "functions": {"LocationAttributeTable.__init__": {"executed_lines": [26, 27, 28, 29, 30, 31, 32, 36], "summary": {"covered_lines": 8, "num_statements": 8, "percent_covered": 100.0, "percent_covered_display": "100", "missing_lines": 0, "excluded_lines": 0}, "missing_lines": [], "excluded_lines": []}, "LocationAttributeTable._load": {"executed_lines": [60, 67, 69, 77, 80, 81, 88, 94, 101], "summary": {"covered_lines": 9, "num_statements": 9, "percent_covered": 100.0, "percent_covered_display": "100", "missing_lines": 0, "excluded_lines": 0}, "missing_lines": [], "excluded_lines": []}, "LocationAttributeTable.field_enum": {"executed_lines": [105, 106], "summary": {"covered_lines": 2, "num_statements": 2, "percent_covered": 100.0, "percent_covered_display": "100", "missing_lines": 0, "excluded_lines": 0}, "missing_lines": [], "excluded_lines": []}, "LocationAttributeTable.to_pandas": {"executed_lines": [], "summary": {"covered_lines": 0, "num_statements": 5, "percent_covered": 0.0, "percent_covered_display": "0", "missing_lines": 5, "excluded_lines": 0}, "missing_lines": [113, 114, 115, 116, 117], "excluded_lines": []}, "LocationAttributeTable.to_geopandas": {"executed_lines": [], "summary": {"covered_lines": 0, "num_statements": 5, "percent_covered": 0.0, "percent_covered_display": "0", "missing_lines": 5, "excluded_lines": 0}, "missing_lines": [121, 122, 123, 124, 125], "excluded_lines": []}, "LocationAttributeTable.load_parquet": {"executed_lines": [175, 176, 185], "summary": {"covered_lines": 3, "num_statements": 3, "percent_covered": 100.0, "percent_covered_display": "100", "missing_lines": 0, "excluded_lines": 0}, "missing_lines": [], "excluded_lines": []}, "LocationAttributeTable.load_csv": {"executed_lines": [], "summary": {"covered_lines": 0, "num_statements": 3, "percent_covered": 0.0, "percent_covered_display": "0", "missing_lines": 3, "excluded_lines": 0}, "missing_lines": [234, 235, 244], "excluded_lines": []}, "": {"executed_lines": [1, 2, 3, 4, 5, 6, 7, 8, 9, 10, 11, 12, 13, 14, 15, 18, 21, 22, 24, 49, 103, 111, 119, 127, 187], "summary": {"covered_lines": 23, "num_statements": 23, "percent_covered": 100.0, "percent_covered_display": "100", "missing_lines": 0, "excluded_lines": 0}, "missing_lines": [], "excluded_lines": []}}, "classes": {"LocationAttributeTable": {"executed_lines": [26, 27, 28, 29, 30, 31, 32, 36, 60, 67, 69, 77, 80, 81, 88, 94, 101, 105, 106, 175, 176, 185], "summary": {"covered_lines": 22, "num_statements": 35, "percent_covered": 62.857142857142854, "percent_covered_display": "63", "missing_lines": 13, "excluded_lines": 0}, "missing_lines": [113, 114, 115, 116, 117, 121, 122, 123, 124, 125, 234, 235, 244], "excluded_lines": []}, "": {"executed_lines": [1, 2, 3, 4, 5, 6, 7, 8, 9, 10, 11, 12, 13, 14, 15, 18, 21, 22, 24, 49, 103, 111, 119, 127, 187], "summary": {"covered_lines": 23, "num_statements": 23, "percent_covered": 100.0, "percent_covered_display": "100", "missing_lines": 0, "excluded_lines": 0}, "missing_lines": [], "excluded_lines": []}}}, "src/teehr/evaluation/tables/location_crosswalk_table.py": {"executed_lines": [1, 2, 3, 4, 5, 6, 7, 8, 9, 10, 11, 12, 13, 14, 17, 20, 21, 23, 25, 26, 27, 28, 29, 30, 31, 34, 42, 54, 61, 63, 72, 75, 76, 83, 84, 91, 97, 104, 106, 108, 109, 114, 116, 117, 118, 119, 120, 122, 133, 189, 190, 200, 202, 256, 257, 267], "summary": {"covered_lines": 55, "num_statements": 60, "percent_covered": 91.66666666666667, "percent_covered_display": "92", "missing_lines": 5, "excluded_lines": 0}, "missing_lines": [124, 125, 129, 130, 131], "excluded_lines": [], "functions": {"LocationCrosswalkTable.__init__": {"executed_lines": [25, 26, 27, 28, 29, 30, 31, 34], "summary": {"covered_lines": 8, "num_statements": 8, "percent_covered": 100.0, "percent_covered_display": "100", "missing_lines": 0, "excluded_lines": 0}, "missing_lines": [], "excluded_lines": []}, "LocationCrosswalkTable._load": {"executed_lines": [54, 61, 63, 72, 75, 76, 83, 84, 91, 97, 104], "summary": {"covered_lines": 11, "num_statements": 11, "percent_covered": 100.0, "percent_covered_display": "100", "missing_lines": 0, "excluded_lines": 0}, "missing_lines": [], "excluded_lines": []}, "LocationCrosswalkTable.field_enum": {"executed_lines": [108, 109], "summary": {"covered_lines": 2, "num_statements": 2, "percent_covered": 100.0, "percent_covered_display": "100", "missing_lines": 0, "excluded_lines": 0}, "missing_lines": [], "excluded_lines": []}, "LocationCrosswalkTable.to_pandas": {"executed_lines": [116, 117, 118, 119, 120], "summary": {"covered_lines": 5, "num_statements": 5, "percent_covered": 100.0, "percent_covered_display": "100", "missing_lines": 0, "excluded_lines": 0}, "missing_lines": [], "excluded_lines": []}, "LocationCrosswalkTable.to_geopandas": {"executed_lines": [], "summary": {"covered_lines": 0, "num_statements": 5, "percent_covered": 0.0, "percent_covered_display": "0", "missing_lines": 5, "excluded_lines": 0}, "missing_lines": [124, 125, 129, 130, 131], "excluded_lines": []}, "LocationCrosswalkTable.load_parquet": {"executed_lines": [189, 190, 200], "summary": {"covered_lines": 3, "num_statements": 3, "percent_covered": 100.0, "percent_covered_display": "100", "missing_lines": 0, "excluded_lines": 0}, "missing_lines": [], "excluded_lines": []}, "LocationCrosswalkTable.load_csv": {"executed_lines": [256, 257, 267], "summary": {"covered_lines": 3, "num_statements": 3, "percent_covered": 100.0, "percent_covered_display": "100", "missing_lines": 0, "excluded_lines": 0}, "missing_lines": [], "excluded_lines": []}, "": {"executed_lines": [1, 2, 3, 4, 5, 6, 7, 8, 9, 10, 11, 12, 13, 14, 17, 20, 21, 23, 42, 106, 114, 122, 133, 202], "summary": {"covered_lines": 23, "num_statements": 23, "percent_covered": 100.0, "percent_covered_display": "100", "missing_lines": 0, "excluded_lines": 0}, "missing_lines": [], "excluded_lines": []}}, "classes": {"LocationCrosswalkTable": {"executed_lines": [25, 26, 27, 28, 29, 30, 31, 34, 54, 61, 63, 72, 75, 76, 83, 84, 91, 97, 104, 108, 109, 116, 117, 118, 119, 120, 189, 190, 200, 256, 257, 267], "summary": {"covered_lines": 32, "num_statements": 37, "percent_covered": 86.48648648648648, "percent_covered_display": "86", "missing_lines": 5, "excluded_lines": 0}, "missing_lines": [124, 125, 129, 130, 131], "excluded_lines": []}, "": {"executed_lines": [1, 2, 3, 4, 5, 6, 7, 8, 9, 10, 11, 12, 13, 14, 17, 20, 21, 23, 42, 106, 114, 122, 133, 202], "summary": {"covered_lines": 23, "num_statements": 23, "percent_covered": 100.0, "percent_covered_display": "100", "missing_lines": 0, "excluded_lines": 0}, "missing_lines": [], "excluded_lines": []}}}, "src/teehr/evaluation/tables/location_table.py": {"executed_lines": [1, 2, 3, 4, 5, 6, 7, 8, 9, 10, 11, 12, 13, 14, 17, 20, 21, 23, 25, 26, 27, 28, 29, 30, 31, 33, 35, 36, 41, 43, 44, 45, 46, 47, 49, 51, 52, 53, 54, 55, 57, 116, 123, 125, 133, 136, 137, 144, 150, 157], "summary": {"covered_lines": 48, "num_statements": 48, "percent_covered": 100.0, "percent_covered_display": "100", "missing_lines": 0, "excluded_lines": 0}, "missing_lines": [], "excluded_lines": [], "functions": {"LocationTable.__init__": {"executed_lines": [25, 26, 27, 28, 29, 30, 31], "summary": {"covered_lines": 7, "num_statements": 7, "percent_covered": 100.0, "percent_covered_display": "100", "missing_lines": 0, "excluded_lines": 0}, "missing_lines": [], "excluded_lines": []}, "LocationTable.field_enum": {"executed_lines": [35, 36], "summary": {"covered_lines": 2, "num_statements": 2, "percent_covered": 100.0, "percent_covered_display": "100", "missing_lines": 0, "excluded_lines": 0}, "missing_lines": [], "excluded_lines": []}, "LocationTable.to_pandas": {"executed_lines": [43, 44, 45, 46, 47], "summary": {"covered_lines": 5, "num_statements": 5, "percent_covered": 100.0, "percent_covered_display": "100", "missing_lines": 0, "excluded_lines": 0}, "missing_lines": [], "excluded_lines": []}, "LocationTable.to_geopandas": {"executed_lines": [51, 52, 53, 54, 55], "summary": {"covered_lines": 5, "num_statements": 5, "percent_covered": 100.0, "percent_covered_display": "100", "missing_lines": 0, "excluded_lines": 0}, "missing_lines": [], "excluded_lines": []}, "LocationTable.load_spatial": {"executed_lines": [116, 123, 125, 133, 136, 137, 144, 150, 157], "summary": {"covered_lines": 9, "num_statements": 9, "percent_covered": 100.0, "percent_covered_display": "100", "missing_lines": 0, "excluded_lines": 0}, "missing_lines": [], "excluded_lines": []}, "": {"executed_lines": [1, 2, 3, 4, 5, 6, 7, 8, 9, 10, 11, 12, 13, 14, 17, 20, 21, 23, 33, 41, 49, 57], "summary": {"covered_lines": 20, "num_statements": 20, "percent_covered": 100.0, "percent_covered_display": "100", "missing_lines": 0, "excluded_lines": 0}, "missing_lines": [], "excluded_lines": []}}, "classes": {"LocationTable": {"executed_lines": [25, 26, 27, 28, 29, 30, 31, 35, 36, 43, 44, 45, 46, 47, 51, 52, 53, 54, 55, 116, 123, 125, 133, 136, 137, 144, 150, 157], "summary": {"covered_lines": 28, "num_statements": 28, "percent_covered": 100.0, "percent_covered_display": "100", "missing_lines": 0, "excluded_lines": 0}, "missing_lines": [], "excluded_lines": []}, "": {"executed_lines": [1, 2, 3, 4, 5, 6, 7, 8, 9, 10, 11, 12, 13, 14, 17, 20, 21, 23, 33, 41, 49, 57], "summary": {"covered_lines": 20, "num_statements": 20, "percent_covered": 100.0, "percent_covered_display": "100", "missing_lines": 0, "excluded_lines": 0}, "missing_lines": [], "excluded_lines": []}}}, "src/teehr/evaluation/tables/primary_timeseries_table.py": {"executed_lines": [1, 2, 3, 4, 5, 6, 7, 8, 9, 10, 11, 12, 13, 16, 19, 20, 22, 24, 25, 26, 27, 28, 32, 55, 57, 58, 63, 77, 84, 86, 98, 100, 104, 112, 118, 124, 126], "summary": {"covered_lines": 35, "num_statements": 37, "percent_covered": 94.5945945945946, "percent_covered_display": "95", "missing_lines": 2, "excluded_lines": 0}, "missing_lines": [101, 105], "excluded_lines": [], "functions": {"PrimaryTimeseriesTable.__init__": {"executed_lines": [24, 25, 26, 27, 28, 32], "summary": {"covered_lines": 6, "num_statements": 6, "percent_covered": 100.0, "percent_covered_display": "100", "missing_lines": 0, "excluded_lines": 0}, "missing_lines": [], "excluded_lines": []}, "PrimaryTimeseriesTable.field_enum": {"executed_lines": [57, 58], "summary": {"covered_lines": 2, "num_statements": 2, "percent_covered": 100.0, "percent_covered_display": "100", "missing_lines": 0, "excluded_lines": 0}, "missing_lines": [], "excluded_lines": []}, "PrimaryTimeseriesTable._load": {"executed_lines": [77, 84, 86, 98, 100, 104, 112, 118, 124, 126], "summary": {"covered_lines": 10, "num_statements": 12, "percent_covered": 83.33333333333333, "percent_covered_display": "83", "missing_lines": 2, "excluded_lines": 0}, "missing_lines": [101, 105], "excluded_lines": []}, "": {"executed_lines": [1, 2, 3, 4, 5, 6, 7, 8, 9, 10, 11, 12, 13, 16, 19, 20, 22, 55, 63], "summary": {"covered_lines": 17, "num_statements": 17, "percent_covered": 100.0, "percent_covered_display": "100", "missing_lines": 0, "excluded_lines": 0}, "missing_lines": [], "excluded_lines": []}}, "classes": {"PrimaryTimeseriesTable": {"executed_lines": [24, 25, 26, 27, 28, 32, 57, 58, 77, 84, 86, 98, 100, 104, 112, 118, 124, 126], "summary": {"covered_lines": 18, "num_statements": 20, "percent_covered": 90.0, "percent_covered_display": "90", "missing_lines": 2, "excluded_lines": 0}, "missing_lines": [101, 105], "excluded_lines": []}, "": {"executed_lines": [1, 2, 3, 4, 5, 6, 7, 8, 9, 10, 11, 12, 13, 16, 19, 20, 22, 55, 63], "summary": {"covered_lines": 17, "num_statements": 17, "percent_covered": 100.0, "percent_covered_display": "100", "missing_lines": 0, "excluded_lines": 0}, "missing_lines": [], "excluded_lines": []}}}, "src/teehr/evaluation/tables/secondary_timeseries_table.py": {"executed_lines": [1, 2, 3, 4, 5, 6, 7, 8, 9, 10, 11, 12, 13, 14, 17, 20, 21, 23, 25, 26, 27, 28, 29, 38, 61, 69, 83, 90, 92, 104, 106, 110, 118, 124, 130, 132, 134, 136, 138, 149, 151, 153, 154], "summary": {"covered_lines": 41, "num_statements": 45, "percent_covered": 91.11111111111111, "percent_covered_display": "91", "missing_lines": 4, "excluded_lines": 0}, "missing_lines": [63, 64, 107, 111], "excluded_lines": [], "functions": {"SecondaryTimeseriesTable.__init__": {"executed_lines": [25, 26, 27, 28, 29, 38], "summary": {"covered_lines": 6, "num_statements": 6, "percent_covered": 100.0, "percent_covered_display": "100", "missing_lines": 0, "excluded_lines": 0}, "missing_lines": [], "excluded_lines": []}, "SecondaryTimeseriesTable.field_enum": {"executed_lines": [], "summary": {"covered_lines": 0, "num_statements": 2, "percent_covered": 0.0, "percent_covered_display": "0", "missing_lines": 2, "excluded_lines": 0}, "missing_lines": [63, 64], "excluded_lines": []}, "SecondaryTimeseriesTable._load": {"executed_lines": [83, 90, 92, 104, 106, 110, 118, 124, 130, 132], "summary": {"covered_lines": 10, "num_statements": 12, "percent_covered": 83.33333333333333, "percent_covered_display": "83", "missing_lines": 2, "excluded_lines": 0}, "missing_lines": [107, 111], "excluded_lines": []}, "SecondaryTimeseriesTable._join_geometry": {"executed_lines": [136, 138, 149], "summary": {"covered_lines": 3, "num_statements": 3, "percent_covered": 100.0, "percent_covered_display": "100", "missing_lines": 0, "excluded_lines": 0}, "missing_lines": [], "excluded_lines": []}, "SecondaryTimeseriesTable.to_geopandas": {"executed_lines": [153, 154], "summary": {"covered_lines": 2, "num_statements": 2, "percent_covered": 100.0, "percent_covered_display": "100", "missing_lines": 0, "excluded_lines": 0}, "missing_lines": [], "excluded_lines": []}, "": {"executed_lines": [1, 2, 3, 4, 5, 6, 7, 8, 9, 10, 11, 12, 13, 14, 17, 20, 21, 23, 61, 69, 134, 151], "summary": {"covered_lines": 20, "num_statements": 20, "percent_covered": 100.0, "percent_covered_display": "100", "missing_lines": 0, "excluded_lines": 0}, "missing_lines": [], "excluded_lines": []}}, "classes": {"SecondaryTimeseriesTable": {"executed_lines": [25, 26, 27, 28, 29, 38, 83, 90, 92, 104, 106, 110, 118, 124, 130, 132, 136, 138, 149, 153, 154], "summary": {"covered_lines": 21, "num_statements": 25, "percent_covered": 84.0, "percent_covered_display": "84", "missing_lines": 4, "excluded_lines": 0}, "missing_lines": [63, 64, 107, 111], "excluded_lines": []}, "": {"executed_lines": [1, 2, 3, 4, 5, 6, 7, 8, 9, 10, 11, 12, 13, 14, 17, 20, 21, 23, 61, 69, 134, 151], "summary": {"covered_lines": 20, "num_statements": 20, "percent_covered": 100.0, "percent_covered_display": "100", "missing_lines": 0, "excluded_lines": 0}, "missing_lines": [], "excluded_lines": []}}}, "src/teehr/evaluation/tables/timeseries_table.py": {"executed_lines": [1, 2, 3, 9, 10, 11, 12, 14, 15, 17, 19, 22, 23, 25, 27, 28, 29, 34, 35, 44, 46, 47, 48, 49, 50, 52, 57, 127, 129, 130, 142, 144, 230, 299, 301, 302, 314, 316, 410, 412, 413, 424], "summary": {"covered_lines": 40, "num_statements": 46, "percent_covered": 86.95652173913044, "percent_covered_display": "87", "missing_lines": 6, "excluded_lines": 0}, "missing_lines": [54, 55, 213, 215, 216, 228], "excluded_lines": [], "functions": {"TimeseriesTable.__init__": {"executed_lines": [27, 28, 29, 34, 35], "summary": {"covered_lines": 5, "num_statements": 5, "percent_covered": 100.0, "percent_covered_display": "100", "missing_lines": 0, "excluded_lines": 0}, "missing_lines": [], "excluded_lines": []}, "TimeseriesTable.to_pandas": {"executed_lines": [46, 47, 48, 49, 50], "summary": {"covered_lines": 5, "num_statements": 5, "percent_covered": 100.0, "percent_covered_display": "100", "missing_lines": 0, "excluded_lines": 0}, "missing_lines": [], "excluded_lines": []}, "TimeseriesTable.to_geopandas": {"executed_lines": [], "summary": {"covered_lines": 0, "num_statements": 2, "percent_covered": 0.0, "percent_covered_display": "0", "missing_lines": 2, "excluded_lines": 0}, "missing_lines": [54, 55], "excluded_lines": []}, "TimeseriesTable.load_parquet": {"executed_lines": [127, 129, 130, 142], "summary": {"covered_lines": 4, "num_statements": 4, "percent_covered": 100.0, "percent_covered_display": "100", "missing_lines": 0, "excluded_lines": 0}, "missing_lines": [], "excluded_lines": []}, "TimeseriesTable.load_csv": {"executed_lines": [], "summary": {"covered_lines": 0, "num_statements": 4, "percent_covered": 0.0, "percent_covered_display": "0", "missing_lines": 4, "excluded_lines": 0}, "missing_lines": [213, 215, 216, 228], "excluded_lines": []}, "TimeseriesTable.load_netcdf": {"executed_lines": [299, 301, 302, 314], "summary": {"covered_lines": 4, "num_statements": 4, "percent_covered": 100.0, "percent_covered_display": "100", "missing_lines": 0, "excluded_lines": 0}, "missing_lines": [], "excluded_lines": []}, "TimeseriesTable.load_fews_xml": {"executed_lines": [410, 412, 413, 424], "summary": {"covered_lines": 4, "num_statements": 4, "percent_covered": 100.0, "percent_covered_display": "100", "missing_lines": 0, "excluded_lines": 0}, "missing_lines": [], "excluded_lines": []}, "": {"executed_lines": [1, 2, 3, 9, 10, 11, 12, 14, 15, 17, 19, 22, 23, 25, 44, 52, 57, 144, 230, 316], "summary": {"covered_lines": 18, "num_statements": 18, "percent_covered": 100.0, "percent_covered_display": "100", "missing_lines": 0, "excluded_lines": 0}, "missing_lines": [], "excluded_lines": []}}, "classes": {"TimeseriesTable": {"executed_lines": [27, 28, 29, 34, 35, 46, 47, 48, 49, 50, 127, 129, 130, 142, 299, 301, 302, 314, 410, 412, 413, 424], "summary": {"covered_lines": 22, "num_statements": 28, "percent_covered": 78.57142857142857, "percent_covered_display": "79", "missing_lines": 6, "excluded_lines": 0}, "missing_lines": [54, 55, 213, 215, 216, 228], "excluded_lines": []}, "": {"executed_lines": [1, 2, 3, 9, 10, 11, 12, 14, 15, 17, 19, 22, 23, 25, 44, 52, 57, 144, 230, 316], "summary": {"covered_lines": 18, "num_statements": 18, "percent_covered": 100.0, "percent_covered_display": "100", "missing_lines": 0, "excluded_lines": 0}, "missing_lines": [], "excluded_lines": []}}}, "src/teehr/evaluation/tables/unit_table.py": {"executed_lines": [1, 2, 3, 4, 5, 6, 7, 8, 11, 14, 15, 17, 19, 20, 21, 22, 23, 24, 26, 28, 29, 34, 54], "summary": {"covered_lines": 22, "num_statements": 22, "percent_covered": 100.0, "percent_covered_display": "100", "missing_lines": 0, "excluded_lines": 0}, "missing_lines": [], "excluded_lines": [], "functions": {"UnitTable.__init__": {"executed_lines": [19, 20, 21, 22, 23, 24], "summary": {"covered_lines": 6, "num_statements": 6, "percent_covered": 100.0, "percent_covered_display": "100", "missing_lines": 0, "excluded_lines": 0}, "missing_lines": [], "excluded_lines": []}, "UnitTable.field_enum": {"executed_lines": [28, 29], "summary": {"covered_lines": 2, "num_statements": 2, "percent_covered": 100.0, "percent_covered_display": "100", "missing_lines": 0, "excluded_lines": 0}, "missing_lines": [], "excluded_lines": []}, "UnitTable.add": {"executed_lines": [54], "summary": {"covered_lines": 1, "num_statements": 1, "percent_covered": 100.0, "percent_covered_display": "100", "missing_lines": 0, "excluded_lines": 0}, "missing_lines": [], "excluded_lines": []}, "": {"executed_lines": [1, 2, 3, 4, 5, 6, 7, 8, 11, 14, 15, 17, 26, 34], "summary": {"covered_lines": 13, "num_statements": 13, "percent_covered": 100.0, "percent_covered_display": "100", "missing_lines": 0, "excluded_lines": 0}, "missing_lines": [], "excluded_lines": []}}, "classes": {"UnitTable": {"executed_lines": [19, 20, 21, 22, 23, 24, 28, 29, 54], "summary": {"covered_lines": 9, "num_statements": 9, "percent_covered": 100.0, "percent_covered_display": "100", "missing_lines": 0, "excluded_lines": 0}, "missing_lines": [], "excluded_lines": []}, "": {"executed_lines": [1, 2, 3, 4, 5, 6, 7, 8, 11, 14, 15, 17, 26, 34], "summary": {"covered_lines": 13, "num_statements": 13, "percent_covered": 100.0, "percent_covered_display": "100", "missing_lines": 0, "excluded_lines": 0}, "missing_lines": [], "excluded_lines": []}}}, "src/teehr/evaluation/tables/variable_table.py": {"executed_lines": [1, 2, 3, 4, 5, 6, 7, 8, 11, 14, 15, 17, 19, 20, 21, 22, 23, 24, 26, 28, 29, 34, 54], "summary": {"covered_lines": 22, "num_statements": 22, "percent_covered": 100.0, "percent_covered_display": "100", "missing_lines": 0, "excluded_lines": 0}, "missing_lines": [], "excluded_lines": [], "functions": {"VariableTable.__init__": {"executed_lines": [19, 20, 21, 22, 23, 24], "summary": {"covered_lines": 6, "num_statements": 6, "percent_covered": 100.0, "percent_covered_display": "100", "missing_lines": 0, "excluded_lines": 0}, "missing_lines": [], "excluded_lines": []}, "VariableTable.field_enum": {"executed_lines": [28, 29], "summary": {"covered_lines": 2, "num_statements": 2, "percent_covered": 100.0, "percent_covered_display": "100", "missing_lines": 0, "excluded_lines": 0}, "missing_lines": [], "excluded_lines": []}, "VariableTable.add": {"executed_lines": [54], "summary": {"covered_lines": 1, "num_statements": 1, "percent_covered": 100.0, "percent_covered_display": "100", "missing_lines": 0, "excluded_lines": 0}, "missing_lines": [], "excluded_lines": []}, "": {"executed_lines": [1, 2, 3, 4, 5, 6, 7, 8, 11, 14, 15, 17, 26, 34], "summary": {"covered_lines": 13, "num_statements": 13, "percent_covered": 100.0, "percent_covered_display": "100", "missing_lines": 0, "excluded_lines": 0}, "missing_lines": [], "excluded_lines": []}}, "classes": {"VariableTable": {"executed_lines": [19, 20, 21, 22, 23, 24, 28, 29, 54], "summary": {"covered_lines": 9, "num_statements": 9, "percent_covered": 100.0, "percent_covered_display": "100", "missing_lines": 0, "excluded_lines": 0}, "missing_lines": [], "excluded_lines": []}, "": {"executed_lines": [1, 2, 3, 4, 5, 6, 7, 8, 11, 14, 15, 17, 26, 34], "summary": {"covered_lines": 13, "num_statements": 13, "percent_covered": 100.0, "percent_covered_display": "100", "missing_lines": 0, "excluded_lines": 0}, "missing_lines": [], "excluded_lines": []}}}, "src/teehr/evaluation/utils.py": {"executed_lines": [], "summary": {"covered_lines": 0, "num_statements": 24, "percent_covered": 0.0, "percent_covered_display": "0", "missing_lines": 24, "excluded_lines": 0}, "missing_lines": [2, 3, 4, 5, 7, 10, 11, 12, 13, 14, 17, 25, 26, 29, 32, 35, 37, 38, 39, 41, 42, 43, 44, 52], "excluded_lines": [], "functions": {"print_tree": {"executed_lines": [], "summary": {"covered_lines": 0, "num_statements": 13, "percent_covered": 0.0, "percent_covered_display": "0", "missing_lines": 13, "excluded_lines": 0}, "missing_lines": [25, 26, 29, 32, 35, 37, 38, 39, 41, 42, 43, 44, 52], "excluded_lines": []}, "": {"executed_lines": [], "summary": {"covered_lines": 0, "num_statements": 11, "percent_covered": 0.0, "percent_covered_display": "0", "missing_lines": 11, "excluded_lines": 0}, "missing_lines": [2, 3, 4, 5, 7, 10, 11, 12, 13, 14, 17], "excluded_lines": []}}, "classes": {"": {"executed_lines": [], "summary": {"covered_lines": 0, "num_statements": 24, "percent_covered": 0.0, "percent_covered_display": "0", "missing_lines": 24, "excluded_lines": 0}, "missing_lines": [2, 3, 4, 5, 7, 10, 11, 12, 13, 14, 17, 25, 26, 29, 32, 35, 37, 38, 39, 41, 42, 43, 44, 52], "excluded_lines": []}}}, "src/teehr/example_data/__init__.py": {"executed_lines": [], "summary": {"covered_lines": 0, "num_statements": 0, "percent_covered": 100.0, "percent_covered_display": "100", "missing_lines": 0, "excluded_lines": 0}, "missing_lines": [], "excluded_lines": [], "functions": {"": {"executed_lines": [], "summary": {"covered_lines": 0, "num_statements": 0, "percent_covered": 100.0, "percent_covered_display": "100", "missing_lines": 0, "excluded_lines": 0}, "missing_lines": [], "excluded_lines": []}}, "classes": {"": {"executed_lines": [], "summary": {"covered_lines": 0, "num_statements": 0, "percent_covered": 100.0, "percent_covered_display": "100", "missing_lines": 0, "excluded_lines": 0}, "missing_lines": [], "excluded_lines": []}}}, "src/teehr/example_data/ensemble_example_data.py": {"executed_lines": [], "summary": {"covered_lines": 0, "num_statements": 12, "percent_covered": 0.0, "percent_covered_display": "0", "missing_lines": 12, "excluded_lines": 0}, "missing_lines": [3, 6, 26, 28, 29, 31, 32, 35, 37, 40, 42, 43], "excluded_lines": [], "functions": {"fetch_and_save_file": {"executed_lines": [], "summary": {"covered_lines": 0, "num_statements": 4, "percent_covered": 0.0, "percent_covered_display": "0", "missing_lines": 4, "excluded_lines": 0}, "missing_lines": [28, 29, 31, 32], "excluded_lines": []}, "list_files": {"executed_lines": [], "summary": {"covered_lines": 0, "num_statements": 1, "percent_covered": 0.0, "percent_covered_display": "0", "missing_lines": 1, "excluded_lines": 0}, "missing_lines": [37], "excluded_lines": []}, "fetch_file": {"executed_lines": [], "summary": {"covered_lines": 0, "num_statements": 2, "percent_covered": 0.0, "percent_covered_display": "0", "missing_lines": 2, "excluded_lines": 0}, "missing_lines": [42, 43], "excluded_lines": []}, "": {"executed_lines": [], "summary": {"covered_lines": 0, "num_statements": 5, "percent_covered": 0.0, "percent_covered_display": "0", "missing_lines": 5, "excluded_lines": 0}, "missing_lines": [3, 6, 26, 35, 40], "excluded_lines": []}}, "classes": {"": {"executed_lines": [], "summary": {"covered_lines": 0, "num_statements": 12, "percent_covered": 0.0, "percent_covered_display": "0", "missing_lines": 12, "excluded_lines": 0}, "missing_lines": [3, 6, 26, 28, 29, 31, 32, 35, 37, 40, 42, 43], "excluded_lines": []}}}, "src/teehr/example_data/nwm_gridded_example_data.py": {"executed_lines": [], "summary": {"covered_lines": 0, "num_statements": 12, "percent_covered": 0.0, "percent_covered_display": "0", "missing_lines": 12, "excluded_lines": 0}, "missing_lines": [3, 6, 46, 48, 49, 51, 52, 55, 57, 60, 62, 63], "excluded_lines": [], "functions": {"fetch_and_save_file": {"executed_lines": [], "summary": {"covered_lines": 0, "num_statements": 4, "percent_covered": 0.0, "percent_covered_display": "0", "missing_lines": 4, "excluded_lines": 0}, "missing_lines": [48, 49, 51, 52], "excluded_lines": []}, "list_files": {"executed_lines": [], "summary": {"covered_lines": 0, "num_statements": 1, "percent_covered": 0.0, "percent_covered_display": "0", "missing_lines": 1, "excluded_lines": 0}, "missing_lines": [57], "excluded_lines": []}, "fetch_file": {"executed_lines": [], "summary": {"covered_lines": 0, "num_statements": 2, "percent_covered": 0.0, "percent_covered_display": "0", "missing_lines": 2, "excluded_lines": 0}, "missing_lines": [62, 63], "excluded_lines": []}, "": {"executed_lines": [], "summary": {"covered_lines": 0, "num_statements": 5, "percent_covered": 0.0, "percent_covered_display": "0", "missing_lines": 5, "excluded_lines": 0}, "missing_lines": [3, 6, 46, 55, 60], "excluded_lines": []}}, "classes": {"": {"executed_lines": [], "summary": {"covered_lines": 0, "num_statements": 12, "percent_covered": 0.0, "percent_covered_display": "0", "missing_lines": 12, "excluded_lines": 0}, "missing_lines": [3, 6, 46, 48, 49, 51, 52, 55, 57, 60, 62, 63], "excluded_lines": []}}}, "src/teehr/example_data/nwm_streamflow_example_data.py": {"executed_lines": [], "summary": {"covered_lines": 0, "num_statements": 12, "percent_covered": 0.0, "percent_covered_display": "0", "missing_lines": 12, "excluded_lines": 0}, "missing_lines": [3, 6, 26, 28, 29, 31, 32, 35, 37, 40, 42, 43], "excluded_lines": [], "functions": {"fetch_and_save_file": {"executed_lines": [], "summary": {"covered_lines": 0, "num_statements": 4, "percent_covered": 0.0, "percent_covered_display": "0", "missing_lines": 4, "excluded_lines": 0}, "missing_lines": [28, 29, 31, 32], "excluded_lines": []}, "list_files": {"executed_lines": [], "summary": {"covered_lines": 0, "num_statements": 1, "percent_covered": 0.0, "percent_covered_display": "0", "missing_lines": 1, "excluded_lines": 0}, "missing_lines": [37], "excluded_lines": []}, "fetch_file": {"executed_lines": [], "summary": {"covered_lines": 0, "num_statements": 2, "percent_covered": 0.0, "percent_covered_display": "0", "missing_lines": 2, "excluded_lines": 0}, "missing_lines": [42, 43], "excluded_lines": []}, "": {"executed_lines": [], "summary": {"covered_lines": 0, "num_statements": 5, "percent_covered": 0.0, "percent_covered_display": "0", "missing_lines": 5, "excluded_lines": 0}, "missing_lines": [3, 6, 26, 35, 40], "excluded_lines": []}}, "classes": {"": {"executed_lines": [], "summary": {"covered_lines": 0, "num_statements": 12, "percent_covered": 0.0, "percent_covered_display": "0", "missing_lines": 12, "excluded_lines": 0}, "missing_lines": [3, 6, 26, 28, 29, 31, 32, 35, 37, 40, 42, 43], "excluded_lines": []}}}, "src/teehr/example_data/two_locations.py": {"executed_lines": [], "summary": {"covered_lines": 0, "num_statements": 12, "percent_covered": 0.0, "percent_covered_display": "0", "missing_lines": 12, "excluded_lines": 0}, "missing_lines": [3, 6, 21, 23, 24, 26, 27, 30, 31, 34, 36, 37], "excluded_lines": [], "functions": {"fetch_and_save_file": {"executed_lines": [], "summary": {"covered_lines": 0, "num_statements": 4, "percent_covered": 0.0, "percent_covered_display": "0", "missing_lines": 4, "excluded_lines": 0}, "missing_lines": [23, 24, 26, 27], "excluded_lines": []}, "list_files": {"executed_lines": [], "summary": {"covered_lines": 0, "num_statements": 1, "percent_covered": 0.0, "percent_covered_display": "0", "missing_lines": 1, "excluded_lines": 0}, "missing_lines": [31], "excluded_lines": []}, "fetch_file": {"executed_lines": [], "summary": {"covered_lines": 0, "num_statements": 2, "percent_covered": 0.0, "percent_covered_display": "0", "missing_lines": 2, "excluded_lines": 0}, "missing_lines": [36, 37], "excluded_lines": []}, "": {"executed_lines": [], "summary": {"covered_lines": 0, "num_statements": 5, "percent_covered": 0.0, "percent_covered_display": "0", "missing_lines": 5, "excluded_lines": 0}, "missing_lines": [3, 6, 21, 30, 34], "excluded_lines": []}}, "classes": {"": {"executed_lines": [], "summary": {"covered_lines": 0, "num_statements": 12, "percent_covered": 0.0, "percent_covered_display": "0", "missing_lines": 12, "excluded_lines": 0}, "missing_lines": [3, 6, 21, 23, 24, 26, 27, 30, 31, 34, 36, 37], "excluded_lines": []}}}, "src/teehr/example_data/v0_3_test_study.py": {"executed_lines": [], "summary": {"covered_lines": 0, "num_statements": 12, "percent_covered": 0.0, "percent_covered_display": "0", "missing_lines": 12, "excluded_lines": 0}, "missing_lines": [3, 6, 37, 39, 40, 42, 43, 46, 47, 50, 52, 53], "excluded_lines": [], "functions": {"fetch_and_save_file": {"executed_lines": [], "summary": {"covered_lines": 0, "num_statements": 4, "percent_covered": 0.0, "percent_covered_display": "0", "missing_lines": 4, "excluded_lines": 0}, "missing_lines": [39, 40, 42, 43], "excluded_lines": []}, "list_files": {"executed_lines": [], "summary": {"covered_lines": 0, "num_statements": 1, "percent_covered": 0.0, "percent_covered_display": "0", "missing_lines": 1, "excluded_lines": 0}, "missing_lines": [47], "excluded_lines": []}, "fetch_file": {"executed_lines": [], "summary": {"covered_lines": 0, "num_statements": 2, "percent_covered": 0.0, "percent_covered_display": "0", "missing_lines": 2, "excluded_lines": 0}, "missing_lines": [52, 53], "excluded_lines": []}, "": {"executed_lines": [], "summary": {"covered_lines": 0, "num_statements": 5, "percent_covered": 0.0, "percent_covered_display": "0", "missing_lines": 5, "excluded_lines": 0}, "missing_lines": [3, 6, 37, 46, 50], "excluded_lines": []}}, "classes": {"": {"executed_lines": [], "summary": {"covered_lines": 0, "num_statements": 12, "percent_covered": 0.0, "percent_covered_display": "0", "missing_lines": 12, "excluded_lines": 0}, "missing_lines": [3, 6, 37, 39, 40, 42, 43, 46, 47, 50, 52, 53], "excluded_lines": []}}}, "src/teehr/examples/__init__.py": {"executed_lines": [], "summary": {"covered_lines": 0, "num_statements": 0, "percent_covered": 100.0, "percent_covered_display": "100", "missing_lines": 0, "excluded_lines": 0}, "missing_lines": [], "excluded_lines": [], "functions": {"": {"executed_lines": [], "summary": {"covered_lines": 0, "num_statements": 0, "percent_covered": 100.0, "percent_covered_display": "100", "missing_lines": 0, "excluded_lines": 0}, "missing_lines": [], "excluded_lines": []}}, "classes": {"": {"executed_lines": [], "summary": {"covered_lines": 0, "num_statements": 0, "percent_covered": 100.0, "percent_covered_display": "100", "missing_lines": 0, "excluded_lines": 0}, "missing_lines": [], "excluded_lines": []}}}, "src/teehr/examples/ngen_example.py": {"executed_lines": [], "summary": {"covered_lines": 0, "num_statements": 22, "percent_covered": 0.0, "percent_covered_display": "0", "missing_lines": 22, "excluded_lines": 0}, "missing_lines": [2, 3, 4, 5, 9, 10, 11, 15, 16, 17, 18, 19, 22, 25, 28, 33, 38, 47, 53, 64, 66, 76], "excluded_lines": [], "functions": {"": {"executed_lines": [], "summary": {"covered_lines": 0, "num_statements": 22, "percent_covered": 0.0, "percent_covered_display": "0", "missing_lines": 22, "excluded_lines": 0}, "missing_lines": [2, 3, 4, 5, 9, 10, 11, 15, 16, 17, 18, 19, 22, 25, 28, 33, 38, 47, 53, 64, 66, 76], "excluded_lines": []}}, "classes": {"": {"executed_lines": [], "summary": {"covered_lines": 0, "num_statements": 22, "percent_covered": 0.0, "percent_covered_display": "0", "missing_lines": 22, "excluded_lines": 0}, "missing_lines": [2, 3, 4, 5, 9, 10, 11, 15, 16, 17, 18, 19, 22, 25, 28, 33, 38, 47, 53, 64, 66, 76], "excluded_lines": []}}}, "src/teehr/examples/partition_by_reference_time.py": {"executed_lines": [], "summary": {"covered_lines": 0, "num_statements": 45, "percent_covered": 0.0, "percent_covered_display": "0", "missing_lines": 45, "excluded_lines": 0}, "missing_lines": [2, 3, 4, 5, 7, 8, 10, 15, 20, 22, 23, 24, 25, 26, 29, 34, 36, 40, 45, 55, 56, 61, 64, 69, 71, 75, 80, 90, 91, 96, 99, 104, 106, 110, 115, 125, 126, 131, 134, 137, 140, 144, 148, 152, 154], "excluded_lines": [], "functions": {"_check_for_null_reference_time": {"executed_lines": [], "summary": {"covered_lines": 0, "num_statements": 5, "percent_covered": 0.0, "percent_covered_display": "0", "missing_lines": 5, "excluded_lines": 0}, "missing_lines": [22, 23, 24, 25, 26], "excluded_lines": []}, "rewrite_secondary_timeseries": {"executed_lines": [], "summary": {"covered_lines": 0, "num_statements": 7, "percent_covered": 0.0, "percent_covered_display": "0", "missing_lines": 7, "excluded_lines": 0}, "missing_lines": [34, 36, 40, 45, 55, 56, 61], "excluded_lines": []}, "rewrite_primary_timeseries": {"executed_lines": [], "summary": {"covered_lines": 0, "num_statements": 7, "percent_covered": 0.0, "percent_covered_display": "0", "missing_lines": 7, "excluded_lines": 0}, "missing_lines": [69, 71, 75, 80, 90, 91, 96], "excluded_lines": []}, "rewrite_joined_timeseries": {"executed_lines": [], "summary": {"covered_lines": 0, "num_statements": 7, "percent_covered": 0.0, "percent_covered_display": "0", "missing_lines": 7, "excluded_lines": 0}, "missing_lines": [104, 106, 110, 115, 125, 126, 131], "excluded_lines": []}, "": {"executed_lines": [], "summary": {"covered_lines": 0, "num_statements": 19, "percent_covered": 0.0, "percent_covered_display": "0", "missing_lines": 19, "excluded_lines": 0}, "missing_lines": [2, 3, 4, 5, 7, 8, 10, 15, 20, 29, 64, 99, 134, 137, 140, 144, 148, 152, 154], "excluded_lines": []}}, "classes": {"": {"executed_lines": [], "summary": {"covered_lines": 0, "num_statements": 45, "percent_covered": 0.0, "percent_covered_display": "0", "missing_lines": 45, "excluded_lines": 0}, "missing_lines": [2, 3, 4, 5, 7, 8, 10, 15, 20, 22, 23, 24, 25, 26, 29, 34, 36, 40, 45, 55, 56, 61, 64, 69, 71, 75, 80, 90, 91, 96, 99, 104, 106, 110, 115, 125, 126, 131, 134, 137, 140, 144, 148, 152, 154], "excluded_lines": []}}}, "src/teehr/examples/setup_ensemble_example.py": {"executed_lines": [], "summary": {"covered_lines": 0, "num_statements": 27, "percent_covered": 0.0, "percent_covered_display": "0", "missing_lines": 27, "excluded_lines": 0}, "missing_lines": [2, 4, 5, 8, 11, 14, 17, 18, 20, 21, 23, 24, 26, 27, 29, 37, 46, 47, 48, 49, 52, 53, 56, 57, 60, 63, 65], "excluded_lines": [], "functions": {"setup_hefs_example": {"executed_lines": [], "summary": {"covered_lines": 0, "num_statements": 16, "percent_covered": 0.0, "percent_covered_display": "0", "missing_lines": 16, "excluded_lines": 0}, "missing_lines": [11, 14, 17, 18, 20, 21, 23, 24, 26, 27, 29, 37, 46, 47, 48, 49], "excluded_lines": []}, "": {"executed_lines": [], "summary": {"covered_lines": 0, "num_statements": 11, "percent_covered": 0.0, "percent_covered_display": "0", "missing_lines": 11, "excluded_lines": 0}, "missing_lines": [2, 4, 5, 8, 52, 53, 56, 57, 60, 63, 65], "excluded_lines": []}}, "classes": {"": {"executed_lines": [], "summary": {"covered_lines": 0, "num_statements": 27, "percent_covered": 0.0, "percent_covered_display": "0", "missing_lines": 27, "excluded_lines": 0}, "missing_lines": [2, 4, 5, 8, 11, 14, 17, 18, 20, 21, 23, 24, 26, 27, 29, 37, 46, 47, 48, 49, 52, 53, 56, 57, 60, 63, 65], "excluded_lines": []}}}, "src/teehr/examples/setup_evaluation.py": {"executed_lines": [], "summary": {"covered_lines": 0, "num_statements": 20, "percent_covered": 0.0, "percent_covered_display": "0", "missing_lines": 20, "excluded_lines": 0}, "missing_lines": [8, 9, 10, 15, 18, 19, 20, 23, 24, 27, 30, 33, 36, 39, 43, 62, 67, 86, 107, 114], "excluded_lines": [], "functions": {"": {"executed_lines": [], "summary": {"covered_lines": 0, "num_statements": 20, "percent_covered": 0.0, "percent_covered_display": "0", "missing_lines": 20, "excluded_lines": 0}, "missing_lines": [8, 9, 10, 15, 18, 19, 20, 23, 24, 27, 30, 33, 36, 39, 43, 62, 67, 86, 107, 114], "excluded_lines": []}}, "classes": {"": {"executed_lines": [], "summary": {"covered_lines": 0, "num_statements": 20, "percent_covered": 0.0, "percent_covered_display": "0", "missing_lines": 20, "excluded_lines": 0}, "missing_lines": [8, 9, 10, 15, 18, 19, 20, 23, 24, 27, 30, 33, 36, 39, 43, 62, 67, 86, 107, 114], "excluded_lines": []}}}, "src/teehr/examples/setup_nwm_grid_example.py": {"executed_lines": [], "summary": {"covered_lines": 0, "num_statements": 39, "percent_covered": 0.0, "percent_covered_display": "0", "missing_lines": 39, "excluded_lines": 0}, "missing_lines": [2, 3, 5, 6, 9, 12, 15, 18, 19, 21, 22, 24, 25, 27, 28, 30, 31, 33, 34, 36, 37, 39, 40, 42, 43, 47, 52, 57, 62, 67, 72, 78, 79, 85, 88, 89, 92, 95, 97], "excluded_lines": [], "functions": {"setup_nwm_example": {"executed_lines": [], "summary": {"covered_lines": 0, "num_statements": 28, "percent_covered": 0.0, "percent_covered_display": "0", "missing_lines": 28, "excluded_lines": 0}, "missing_lines": [12, 15, 18, 19, 21, 22, 24, 25, 27, 28, 30, 31, 33, 34, 36, 37, 39, 40, 42, 43, 47, 52, 57, 62, 67, 72, 78, 79], "excluded_lines": []}, "": {"executed_lines": [], "summary": {"covered_lines": 0, "num_statements": 11, "percent_covered": 0.0, "percent_covered_display": "0", "missing_lines": 11, "excluded_lines": 0}, "missing_lines": [2, 3, 5, 6, 9, 85, 88, 89, 92, 95, 97], "excluded_lines": []}}, "classes": {"": {"executed_lines": [], "summary": {"covered_lines": 0, "num_statements": 39, "percent_covered": 0.0, "percent_covered_display": "0", "missing_lines": 39, "excluded_lines": 0}, "missing_lines": [2, 3, 5, 6, 9, 12, 15, 18, 19, 21, 22, 24, 25, 27, 28, 30, 31, 33, 34, 36, 37, 39, 40, 42, 43, 47, 52, 57, 62, 67, 72, 78, 79, 85, 88, 89, 92, 95, 97], "excluded_lines": []}}}, "src/teehr/examples/setup_nwm_streamflow_example.py": {"executed_lines": [], "summary": {"covered_lines": 0, "num_statements": 27, "percent_covered": 0.0, "percent_covered_display": "0", "missing_lines": 27, "excluded_lines": 0}, "missing_lines": [2, 4, 5, 8, 11, 14, 17, 18, 20, 21, 23, 24, 26, 27, 29, 37, 46, 47, 48, 49, 52, 53, 56, 57, 60, 63, 65], "excluded_lines": [], "functions": {"setup_nwm_example": {"executed_lines": [], "summary": {"covered_lines": 0, "num_statements": 16, "percent_covered": 0.0, "percent_covered_display": "0", "missing_lines": 16, "excluded_lines": 0}, "missing_lines": [11, 14, 17, 18, 20, 21, 23, 24, 26, 27, 29, 37, 46, 47, 48, 49], "excluded_lines": []}, "": {"executed_lines": [], "summary": {"covered_lines": 0, "num_statements": 11, "percent_covered": 0.0, "percent_covered_display": "0", "missing_lines": 11, "excluded_lines": 0}, "missing_lines": [2, 4, 5, 8, 52, 53, 56, 57, 60, 63, 65], "excluded_lines": []}}, "classes": {"": {"executed_lines": [], "summary": {"covered_lines": 0, "num_statements": 27, "percent_covered": 0.0, "percent_covered_display": "0", "missing_lines": 27, "excluded_lines": 0}, "missing_lines": [2, 4, 5, 8, 11, 14, 17, 18, 20, 21, 23, 24, 26, 27, 29, 37, 46, 47, 48, 49, 52, 53, 56, 57, 60, 63, 65], "excluded_lines": []}}}, "src/teehr/examples/two_site_debug_script.py": {"executed_lines": [], "summary": {"covered_lines": 0, "num_statements": 13, "percent_covered": 0.0, "percent_covered_display": "0", "missing_lines": 13, "excluded_lines": 0}, "missing_lines": [2, 3, 4, 5, 10, 11, 14, 17, 19, 20, 22, 28, 49], "excluded_lines": [], "functions": {"": {"executed_lines": [], "summary": {"covered_lines": 0, "num_statements": 13, "percent_covered": 0.0, "percent_covered_display": "0", "missing_lines": 13, "excluded_lines": 0}, "missing_lines": [2, 3, 4, 5, 10, 11, 14, 17, 19, 20, 22, 28, 49], "excluded_lines": []}}, "classes": {"": {"executed_lines": [], "summary": {"covered_lines": 0, "num_statements": 13, "percent_covered": 0.0, "percent_covered_display": "0", "missing_lines": 13, "excluded_lines": 0}, "missing_lines": [2, 3, 4, 5, 10, 11, 14, 17, 19, 20, 22, 28, 49], "excluded_lines": []}}}, "src/teehr/fetching/__init__.py": {"executed_lines": [1], "summary": {"covered_lines": 0, "num_statements": 0, "perc
[...]
covered": 100.0, "percent_covered_display": "100", "missing_lines": 0, "excluded_lines": 0}, "missing_lines": [], "excluded_lines": []}}, "classes": {"": {"executed_lines": [1, 2, 3, 4, 5, 7, 8, 9, 10, 11, 12, 13, 14, 15, 17, 18, 19, 20, 22, 25, 26, 36, 37, 38, 43, 48, 56, 61, 62, 63, 65, 68, 69, 73, 76, 77, 78, 79, 82, 85, 99, 100, 101, 104, 105, 106, 111, 112, 113, 114, 115, 118, 119, 121, 124, 138, 139, 141, 143, 144, 146, 147, 149, 150, 151, 152, 153, 155, 156, 158, 159, 161, 163, 165, 167, 170, 237, 241, 242, 243, 244, 245, 254, 255, 256, 257, 258, 259, 261, 265, 266, 267, 271, 274, 275, 276, 279, 284, 285, 286, 287, 292, 295, 296, 298, 299, 300, 305, 310, 311, 312, 314], "summary": {"covered_lines": 111, "num_statements": 124, "percent_covered": 89.51612903225806, "percent_covered_display": "90", "missing_lines": 13, "excluded_lines": 0}, "missing_lines": [39, 40, 108, 109, 162, 238, 239, 247, 250, 262, 302, 303, 306], "excluded_lines": []}}}, "src/teehr/utils/s3path.py": {"executed_lines": [1, 4, 6, 7, 9, 10, 13, 18, 20, 21, 22, 24, 26, 27, 28, 29, 32, 33, 35, 36], "summary": {"covered_lines": 18, "num_statements": 19, "percent_covered": 94.73684210526316, "percent_covered_display": "95", "missing_lines": 1, "excluded_lines": 0}, "missing_lines": [23], "excluded_lines": [], "functions": {"S3Path.__init__": {"executed_lines": [10, 13, 18, 20, 21, 22, 24], "summary": {"covered_lines": 7, "num_statements": 8, "percent_covered": 87.5, "percent_covered_display": "88", "missing_lines": 1, "excluded_lines": 0}, "missing_lines": [23], "excluded_lines": []}, "S3Path.__truediv__": {"executed_lines": [27, 28, 29], "summary": {"covered_lines": 3, "num_statements": 3, "percent_covered": 100.0, "percent_covered_display": "100", "missing_lines": 0, "excluded_lines": 0}, "missing_lines": [], "excluded_lines": []}, "S3Path.__str__": {"executed_lines": [33], "summary": {"covered_lines": 1, "num_statements": 1, "percent_covered": 100.0, "percent_covered_display": "100", "missing_lines": 0, "excluded_lines": 0}, "missing_lines": [], "excluded_lines": []}, "S3Path.__repr__": {"executed_lines": [36], "summary": {"covered_lines": 1, "num_statements": 1, "percent_covered": 100.0, "percent_covered_display": "100", "missing_lines": 0, "excluded_lines": 0}, "missing_lines": [], "excluded_lines": []}, "": {"executed_lines": [1, 4, 6, 7, 9, 26, 32, 35], "summary": {"covered_lines": 6, "num_statements": 6, "percent_covered": 100.0, "percent_covered_display": "100", "missing_lines": 0, "excluded_lines": 0}, "missing_lines": [], "excluded_lines": []}}, "classes": {"S3Path": {"executed_lines": [10, 13, 18, 20, 21, 22, 24, 27, 28, 29, 33, 36], "summary": {"covered_lines": 12, "num_statements": 13, "percent_covered": 92.3076923076923, "percent_covered_display": "92", "missing_lines": 1, "excluded_lines": 0}, "missing_lines": [23], "excluded_lines": []}, "": {"executed_lines": [1, 4, 6, 7, 9, 26, 32, 35], "summary": {"covered_lines": 6, "num_statements": 6, "percent_covered": 100.0, "percent_covered_display": "100", "missing_lines": 0, "excluded_lines": 0}, "missing_lines": [], "excluded_lines": []}}}, "src/teehr/utils/utils.py": {"executed_lines": [1, 2, 3, 4, 5, 6, 8, 11, 21, 22, 23, 25, 27, 28, 29, 32, 33, 35, 36, 37, 40, 41, 44, 46, 47, 49, 50, 51, 52, 54, 58, 61, 63, 65, 66], "summary": {"covered_lines": 34, "num_statements": 36, "percent_covered": 94.44444444444444, "percent_covered_display": "94", "missing_lines": 2, "excluded_lines": 0}, "missing_lines": [56, 64], "excluded_lines": [], "functions": {"to_path_or_s3path": {"executed_lines": [21, 22, 23, 25, 27, 28, 29, 32, 33, 35, 36, 37, 40, 41], "summary": {"covered_lines": 14, "num_statements": 14, "percent_covered": 100.0, "percent_covered_display": "100", "missing_lines": 0, "excluded_lines": 0}, "missing_lines": [], "excluded_lines": []}, "path_to_spark": {"executed_lines": [46, 47, 49, 50, 51, 52, 54, 58], "summary": {"covered_lines": 8, "num_statements": 9, "percent_covered": 88.88888888888889, "percent_covered_display": "89", "missing_lines": 1, "excluded_lines": 0}, "missing_lines": [56], "excluded_lines": []}, "remove_dir_if_exists": {"executed_lines": [63, 65, 66], "summary": {"covered_lines": 3, "num_statements": 4, "percent_covered": 75.0, "percent_covered_display": "75", "missing_lines": 1, "excluded_lines": 0}, "missing_lines": [64], "excluded_lines": []}, "": {"executed_lines": [1, 2, 3, 4, 5, 6, 8, 11, 44, 61], "summary": {"covered_lines": 9, "num_statements": 9, "percent_covered": 100.0, "percent_covered_display": "100", "missing_lines": 0, "excluded_lines": 0}, "missing_lines": [], "excluded_lines": []}}, "classes": {"": {"executed_lines": [1, 2, 3, 4, 5, 6, 8, 11, 21, 22, 23, 25, 27, 28, 29, 32, 33, 35, 36, 37, 40, 41, 44, 46, 47, 49, 50, 51, 52, 54, 58, 61, 63, 65, 66], "summary": {"covered_lines": 34, "num_statements": 36, "percent_covered": 94.44444444444444, "percent_covered_display": "94", "missing_lines": 2, "excluded_lines": 0}, "missing_lines": [56, 64], "excluded_lines": []}}}, "src/teehr/visualization/__init__.py": {"executed_lines": [1], "summary": {"covered_lines": 0, "num_statements": 0, "percent_covered": 100.0, "percent_covered_display": "100", "missing_lines": 0, "excluded_lines": 0}, "missing_lines": [], "excluded_lines": [], "functions": {"": {"executed_lines": [1], "summary": {"covered_lines": 0, "num_statements": 0, "percent_covered": 100.0, "percent_covered_display": "100", "missing_lines": 0, "excluded_lines": 0}, "missing_lines": [], "excluded_lines": []}}, "classes": {"": {"executed_lines": [1], "summary": {"covered_lines": 0, "num_statements": 0, "percent_covered": 100.0, "percent_covered_display": "100", "missing_lines": 0, "excluded_lines": 0}, "missing_lines": [], "excluded_lines": []}}}, "src/teehr/visualization/dataframe_accessor.py": {"executed_lines": [1, 2, 3, 4, 5, 6, 7, 8, 10, 11, 12, 14, 16, 18, 19, 22, 23, 24, 36, 38, 39, 40, 41, 42, 43, 44, 46, 47, 48, 49, 50, 52, 53, 55, 56, 60, 63, 64, 65, 66, 67, 72, 75, 78, 79, 80, 87, 90, 98, 101, 102, 103, 110, 114, 121, 122, 124, 127, 128, 129, 136, 140, 147, 148, 150, 153, 154, 155, 162, 166, 173, 174, 191, 193, 195, 197, 198, 203, 204, 205, 209, 210, 211, 226, 231, 232, 233, 234, 235, 237, 239, 241, 242, 243, 244, 247, 248, 249, 250, 253, 258, 259, 263, 264, 265, 268, 274, 275, 278, 279, 280, 281, 282, 283, 285, 286, 291, 292, 297, 302, 303, 306, 307, 315, 316, 317, 318, 319, 321, 322, 328, 331, 333, 334, 340, 341, 345, 346, 352, 353, 358, 364, 367, 368, 369, 370, 374, 375, 377, 383, 384, 387, 390, 393, 394, 395, 396, 397, 398, 399, 402, 403, 405, 407, 415, 418, 419, 420, 430, 431, 433, 434, 435, 439, 444, 445, 446, 447, 448, 459, 460, 465, 466, 467, 468, 469, 470, 482, 484, 511, 512, 513, 517, 523, 524, 525, 526, 527, 528, 538, 539, 540, 544, 550, 551, 552, 553, 554, 555, 590, 593, 594, 595, 599, 604, 605, 606, 614, 615, 619, 624, 627, 628, 634, 636, 662, 671, 674, 675, 676, 677, 684, 686, 687, 688, 689, 690, 691, 692, 694, 696, 701, 702, 703, 704, 705, 706, 707, 708, 709, 710, 712, 714, 720, 723, 729, 732, 740, 743, 744, 754, 755, 756, 757, 758, 759, 765, 767, 792, 800, 802, 805, 807, 809, 810, 811, 812, 813, 814, 815, 816, 817, 818, 819, 820, 821, 822, 823, 824, 825, 826, 828, 830, 835, 836, 837, 838, 839, 840, 841, 848, 854, 855, 856, 857, 858, 861, 862, 863, 866, 867, 868, 869, 871, 873, 878, 879, 880, 881, 882, 883, 884, 885, 886, 887, 888, 889, 890, 891, 892, 894, 896, 898, 899, 900, 902, 904, 910, 913, 916, 919, 927, 930, 931, 934, 935, 945, 946, 947, 952, 953, 954, 960, 962, 998, 1006, 1009, 1012, 1017, 1019, 1020, 1021, 1022, 1023, 1024, 1025, 1027, 1029, 1035, 1038, 1044, 1047, 1055, 1058, 1059, 1069, 1070, 1071, 1076, 1077, 1078, 1084, 1086, 1122, 1130, 1133, 1136], "summary": {"covered_lines": 385, "num_statements": 469, "percent_covered": 82.08955223880596, "percent_covered_display": "82", "missing_lines": 84, "excluded_lines": 0}, "missing_lines": [73, 81, 82, 88, 94, 104, 105, 111, 115, 130, 131, 137, 141, 156, 157, 163, 167, 176, 180, 185, 186, 206, 207, 213, 217, 218, 219, 220, 221, 223, 224, 294, 305, 308, 329, 343, 355, 365, 456, 478, 485, 486, 491, 497, 498, 499, 500, 501, 509, 536, 563, 566, 567, 573, 574, 575, 576, 577, 579, 587, 608, 609, 610, 630, 631, 632, 664, 665, 761, 762, 763, 793, 794, 842, 956, 957, 958, 999, 1000, 1080, 1081, 1082, 1123, 1124], "excluded_lines": [], "functions": {"TEEHRDataFrameAccessor.__init__": {"executed_lines": [38, 39, 40, 41, 42, 43, 44, 46, 47, 48, 49, 50], "summary": {"covered_lines": 12, "num_statements": 12, "percent_covered": 100.0, "percent_covered_display": "100", "missing_lines": 0, "excluded_lines": 0}, "missing_lines": [], "excluded_lines": []}, "TEEHRDataFrameAccessor._validate": {"executed_lines": [55, 56, 60, 63, 64, 65, 66, 67, 72, 75, 78, 79, 80, 87, 90, 98, 101, 102, 103, 110, 114, 121, 122, 124, 127, 128, 129, 136, 140, 147, 148, 150, 153, 154, 155, 162, 166, 173, 174], "summary": {"covered_lines": 39, "num_statements": 60, "percent_covered": 65.0, "percent_covered_display": "65", "missing_lines": 21, "excluded_lines": 0}, "missing_lines": [73, 81, 82, 88, 94, 104, 105, 111, 115, 130, 131, 137, 141, 156, 157, 163, 167, 176, 180, 185, 186], "excluded_lines": []}, "TEEHRDataFrameAccessor._validate_path": {"executed_lines": [193, 195, 197, 198, 203, 204, 205, 209, 210, 211], "summary": {"covered_lines": 10, "num_statements": 20, "percent_covered": 50.0, "percent_covered_display": "50", "missing_lines": 10, "excluded_lines": 0}, "missing_lines": [206, 207, 213, 217, 218, 219, 220, 221, 223, 224], "excluded_lines": []}, "TEEHRDataFrameAccessor._timeseries_unique_values": {"executed_lines": [231, 232, 233, 234, 235, 237], "summary": {"covered_lines": 6, "num_statements": 6, "percent_covered": 100.0, "percent_covered_display": "100", "missing_lines": 0, "excluded_lines": 0}, "missing_lines": [], "excluded_lines": []}, "TEEHRDataFrameAccessor._timeseries_schema": {"executed_lines": [241, 242, 243, 244, 247, 248, 249, 250, 253, 258, 259, 263, 264, 265, 268, 274, 275, 278, 279, 280, 281, 282, 283, 285, 286, 291, 292, 297, 302, 303, 306, 307, 315, 316, 317, 318, 319, 321, 322, 328, 331, 333, 334, 340, 341, 345, 346, 352, 353, 358, 364, 367, 368, 369, 370, 374, 375], "summary": {"covered_lines": 57, "num_statements": 64, "percent_covered": 89.0625, "percent_covered_display": "89", "missing_lines": 7, "excluded_lines": 0}, "missing_lines": [294, 305, 308, 329, 343, 355, 365], "excluded_lines": []}, "TEEHRDataFrameAccessor._timeseries_format_plot": {"executed_lines": [383, 384, 387, 390, 393, 394, 395, 396, 397, 398, 399, 402, 403, 405], "summary": {"covered_lines": 14, "num_statements": 14, "percent_covered": 100.0, "percent_covered_display": "100", "missing_lines": 0, "excluded_lines": 0}, "missing_lines": [], "excluded_lines": []}, "TEEHRDataFrameAccessor._timeseries_generate_plot": {"executed_lines": [415, 418, 419, 420, 430, 431, 433, 434, 435, 439, 444, 445, 446, 447, 448, 459, 460, 465, 466, 467, 468, 469, 470, 482, 484, 511, 512, 513, 517, 523, 524, 525, 526, 527, 528, 538, 539, 540, 544, 550, 551, 552, 553, 554, 555, 590, 593, 594, 595, 599, 604, 605, 606, 614, 615, 619, 624, 627, 628, 634], "summary": {"covered_lines": 60, "num_statements": 88, "percent_covered": 68.18181818181819, "percent_covered_display": "68", "missing_lines": 28, "excluded_lines": 0}, "missing_lines": [456, 478, 485, 486, 491, 497, 498, 499, 500, 501, 509, 536, 563, 566, 567, 573, 574, 575, 576, 577, 579, 587, 608, 609, 610, 630, 631, 632], "excluded_lines": []}, "TEEHRDataFrameAccessor.timeseries_plot": {"executed_lines": [662, 671, 674, 675, 676, 677], "summary": {"covered_lines": 6, "num_statements": 8, "percent_covered": 75.0, "percent_covered_display": "75", "missing_lines": 2, "excluded_lines": 0}, "missing_lines": [664, 665], "excluded_lines": []}, "TEEHRDataFrameAccessor._location_format_points": {"executed_lines": [686, 687, 688, 689, 690, 691, 692, 694], "summary": {"covered_lines": 8, "num_statements": 8, "percent_covered": 100.0, "percent_covered_display": "100", "missing_lines": 0, "excluded_lines": 0}, "missing_lines": [], "excluded_lines": []}, "TEEHRDataFrameAccessor._location_get_bounds": {"executed_lines": [701, 702, 703, 704, 705, 706, 707, 708, 709, 710, 712], "summary": {"covered_lines": 11, "num_statements": 11, "percent_covered": 100.0, "percent_covered_display": "100", "missing_lines": 0, "excluded_lines": 0}, "missing_lines": [], "excluded_lines": []}, "TEEHRDataFrameAccessor._location_generate_map": {"executed_lines": [720, 723, 729, 732, 740, 743, 744, 754, 755, 756, 757, 758, 759, 765], "summary": {"covered_lines": 14, "num_statements": 17, "percent_covered": 82.3529411764706, "percent_covered_display": "82", "missing_lines": 3, "excluded_lines": 0}, "missing_lines": [761, 762, 763], "excluded_lines": []}, "TEEHRDataFrameAccessor.locations_map": {"executed_lines": [792, 800, 802, 805], "summary": {"covered_lines": 4, "num_statements": 6, "percent_covered": 66.66666666666667, "percent_covered_display": "67", "missing_lines": 2, "excluded_lines": 0}, "missing_lines": [793, 794], "excluded_lines": []}, "TEEHRDataFrameAccessor._location_attributes_format_points": {"executed_lines": [809, 810, 811, 812, 813, 814, 815, 816, 817, 818, 819, 820, 821, 822, 823, 824, 825, 826, 828], "summary": {"covered_lines": 19, "num_statements": 19, "percent_covered": 100.0, "percent_covered_display": "100", "missing_lines": 0, "excluded_lines": 0}, "missing_lines": [], "excluded_lines": []}, "TEEHRDataFrameAccessor._location_attributes_check_duplicates": {"executed_lines": [835, 836, 837, 838, 839, 840, 841], "summary": {"covered_lines": 7, "num_statements": 8, "percent_covered": 87.5, "percent_covered_display": "88", "missing_lines": 1, "excluded_lines": 0}, "missing_lines": [842], "excluded_lines": []}, "TEEHRDataFrameAccessor._location_attributes_get_tooltips": {"executed_lines": [854, 855, 856, 857, 858, 861, 862, 863, 866, 867, 868, 869, 871], "summary": {"covered_lines": 13, "num_statements": 13, "percent_covered": 100.0, "percent_covered_display": "100", "missing_lines": 0, "excluded_lines": 0}, "missing_lines": [], "excluded_lines": []}, "TEEHRDataFrameAccessor._location_attributes_get_bounds": {"executed_lines": [878, 879, 880, 881, 882, 883, 884, 885, 886, 887, 888, 889, 890, 891, 892, 894], "summary": {"covered_lines": 16, "num_statements": 16, "percent_covered": 100.0, "percent_covered_display": "100", "missing_lines": 0, "excluded_lines": 0}, "missing_lines": [], "excluded_lines": []}, "TEEHRDataFrameAccessor._location_attributes_make_iterable": {"executed_lines": [898, 899, 900, 902], "summary": {"covered_lines": 4, "num_statements": 4, "percent_covered": 100.0, "percent_covered_display": "100", "missing_lines": 0, "excluded_lines": 0}, "missing_lines": [], "excluded_lines": []}, "TEEHRDataFrameAccessor._location_attributes_generate_map": {"executed_lines": [910, 913, 916, 919, 927, 930, 931, 934, 935, 945, 946, 947, 952, 953, 954, 960], "summary": {"covered_lines": 16, "num_statements": 19, "percent_covered": 84.21052631578948, "percent_covered_display": "84", "missing_lines": 3, "excluded_lines": 0}, "missing_lines": [956, 957, 958], "excluded_lines": []}, "TEEHRDataFrameAccessor.location_attributes_map": {"executed_lines": [998, 1006, 1009, 1012], "summary": {"covered_lines": 4, "num_statements": 6, "percent_covered": 66.66666666666667, "percent_covered_display": "67", "missing_lines": 2, "excluded_lines": 0}, "missing_lines": [999, 1000], "excluded_lines": []}, "TEEHRDataFrameAccessor._location_crosswalks_format_points": {"executed_lines": [1019, 1020, 1021, 1022, 1023, 1024, 1025, 1027], "summary": {"covered_lines": 8, "num_statements": 8, "percent_covered": 100.0, "percent_covered_display": "100", "missing_lines": 0, "excluded_lines": 0}, "missing_lines": [], "excluded_lines": []}, "TEEHRDataFrameAccessor._location_crosswalks_generate_map": {"executed_lines": [1035, 1038, 1044, 1047, 1055, 1058, 1059, 1069, 1070, 1071, 1076, 1077, 1078, 1084], "summary": {"covered_lines": 14, "num_statements": 17, "percent_covered": 82.3529411764706, "percent_covered_display": "82", "missing_lines": 3, "excluded_lines": 0}, "missing_lines": [1080, 1081, 1082], "excluded_lines": []}, "TEEHRDataFrameAccessor.location_crosswalks_map": {"executed_lines": [1122, 1130, 1133, 1136], "summary": {"covered_lines": 4, "num_statements": 6, "percent_covered": 66.66666666666667, "percent_covered_display": "67", "missing_lines": 2, "excluded_lines": 0}, "missing_lines": [1123, 1124], "excluded_lines": []}, "": {"executed_lines": [1, 2, 3, 4, 5, 6, 7, 8, 10, 11, 12, 14, 16, 18, 19, 22, 23, 24, 36, 52, 53, 191, 226, 239, 377, 407, 636, 684, 696, 714, 767, 807, 830, 848, 873, 896, 904, 962, 1017, 1029, 1086], "summary": {"covered_lines": 39, "num_statements": 39, "percent_covered": 100.0, "percent_covered_display": "100", "missing_lines": 0, "excluded_lines": 0}, "missing_lines": [], "excluded_lines": []}}, "classes": {"TEEHRDataFrameAccessor": {"executed_lines": [38, 39, 40, 41, 42, 43, 44, 46, 47, 48, 49, 50, 55, 56, 60, 63, 64, 65, 66, 67, 72, 75, 78, 79, 80, 87, 90, 98, 101, 102, 103, 110, 114, 121, 122, 124, 127, 128, 129, 136, 140, 147, 148, 150, 153, 154, 155, 162, 166, 173, 174, 193, 195, 197, 198, 203, 204, 205, 209, 210, 211, 231, 232, 233, 234, 235, 237, 241, 242, 243, 244, 247, 248, 249, 250, 253, 258, 259, 263, 264, 265, 268, 274, 275, 278, 279, 280, 281, 282, 283, 285, 286, 291, 292, 297, 302, 303, 306, 307, 315, 316, 317, 318, 319, 321, 322, 328, 331, 333, 334, 340, 341, 345, 346, 352, 353, 358, 364, 367, 368, 369, 370, 374, 375, 383, 384, 387, 390, 393, 394, 395, 396, 397, 398, 399, 402, 403, 405, 415, 418, 419, 420, 430, 431, 433, 434, 435, 439, 444, 445, 446, 447, 448, 459, 460, 465, 466, 467, 468, 469, 470, 482, 484, 511, 512, 513, 517, 523, 524, 525, 526, 527, 528, 538, 539, 540, 544, 550, 551, 552, 553, 554, 555, 590, 593, 594, 595, 599, 604, 605, 606, 614, 615, 619, 624, 627, 628, 634, 662, 671, 674, 675, 676, 677, 686, 687, 688, 689, 690, 691, 692, 694, 701, 702, 703, 704, 705, 706, 707, 708, 709, 710, 712, 720, 723, 729, 732, 740, 743, 744, 754, 755, 756, 757, 758, 759, 765, 792, 800, 802, 805, 809, 810, 811, 812, 813, 814, 815, 816, 817, 818, 819, 820, 821, 822, 823, 824, 825, 826, 828, 835, 836, 837, 838, 839, 840, 841, 854, 855, 856, 857, 858, 861, 862, 863, 866, 867, 868, 869, 871, 878, 879, 880, 881, 882, 883, 884, 885, 886, 887, 888, 889, 890, 891, 892, 894, 898, 899, 900, 902, 910, 913, 916, 919, 927, 930, 931, 934, 935, 945, 946, 947, 952, 953, 954, 960, 998, 1006, 1009, 1012, 1019, 1020, 1021, 1022, 1023, 1024, 1025, 1027, 1035, 1038, 1044, 1047, 1055, 1058, 1059, 1069, 1070, 1071, 1076, 1077, 1078, 1084, 1122, 1130, 1133, 1136], "summary": {"covered_lines": 346, "num_statements": 430, "percent_covered": 80.46511627906976, "percent_covered_display": "80", "missing_lines": 84, "excluded_lines": 0}, "missing_lines": [73, 81, 82, 88, 94, 104, 105, 111, 115, 130, 131, 137, 141, 156, 157, 163, 167, 176, 180, 185, 186, 206, 207, 213, 217, 218, 219, 220, 221, 223, 224, 294, 305, 308, 329, 343, 355, 365, 456, 478, 485, 486, 491, 497, 498, 499, 500, 501, 509, 536, 563, 566, 567, 573, 574, 575, 576, 577, 579, 587, 608, 609, 610, 630, 631, 632, 664, 665, 761, 762, 763, 793, 794, 842, 956, 957, 958, 999, 1000, 1080, 1081, 1082, 1123, 1124], "excluded_lines": []}, "": {"executed_lines": [1, 2, 3, 4, 5, 6, 7, 8, 10, 11, 12, 14, 16, 18, 19, 22, 23, 24, 36, 52, 53, 191, 226, 239, 377, 407, 636, 684, 696, 714, 767, 807, 830, 848, 873, 896, 904, 962, 1017, 1029, 1086], "summary": {"covered_lines": 39, "num_statements": 39, "percent_covered": 100.0, "percent_covered_display": "100", "missing_lines": 0, "excluded_lines": 0}, "missing_lines": [], "excluded_lines": []}}}}, "totals": {"covered_lines": 4197, "num_statements": 5616, "percent_covered": 74.73290598290598, "percent_covered_display": "75", "missing_lines": 1419, "excluded_lines": 6}}